{
  "C:/Users/croco/Desktop/coding/react-rs/react-rs/react-components/src/store/searchSlice.tsx": {
    "path": "C:/Users/croco/Desktop/coding/react-rs/react-rs/react-components/src/store/searchSlice.tsx",
    "statementMap": {
      "0": {
        "start": {
          "line": 2,
          "column": 21
        },
        "end": {
          "line": 4,
          "column": 1
        }
      },
      "1": {
        "start": {
          "line": 5,
          "column": 20
        },
        "end": {
          "line": 13,
          "column": 2
        }
      },
      "2": {
        "start": {
          "line": 10,
          "column": 6
        },
        "end": {
          "line": 10,
          "column": 35
        }
      },
      "3": {
        "start": {
          "line": 16,
          "column": 4
        },
        "end": {
          "line": 16,
          "column": 23
        }
      }
    },
    "fnMap": {
      "0": {
        "name": "(anonymous_0)",
        "decl": {
          "start": {
            "line": 9,
            "column": 4
          },
          "end": {
            "line": 9,
            "column": 5
          }
        },
        "loc": {
          "start": {
            "line": 9,
            "column": 34
          },
          "end": {
            "line": 11,
            "column": 5
          }
        },
        "line": 9
      }
    },
    "branchMap": {},
    "s": {
      "0": 3,
      "1": 3,
      "2": 0,
      "3": 3
    },
    "f": {
      "0": 0
    },
    "b": {},
    "inputSourceMap": {
      "version": 3,
      "mappings": "AAAA,SAAwBA,mBAAmB;AAM3C,MAAMC,eAA4B;AAAA,EAChCC,OAAO;AACT;AAEA,MAAMC,cAAcH,YAAY;AAAA,EAC9BI,MAAM;AAAA,EACNH;AAAAA,EACAI,UAAU;AAAA,IACRC,eAAeC,OAAOC,QAA+B;AACnDD,YAAML,QAAQM,OAAOC;AAAAA,IACvB;AAAA,EACF;AACF,CAAC;AAEM,aAAM;AAAA,EAAEH;AAAe,IAAIH,YAAYO;AAE9C,eAAeP,YAAYQ",
      "names": [
        "createSlice",
        "initialState",
        "value",
        "searchSlice",
        "name",
        "reducers",
        "addSearchValue",
        "state",
        "action",
        "payload",
        "actions",
        "reducer"
      ],
      "sources": [
        "C:/Users/croco/Desktop/coding/react-rs/react-rs/react-components/src/store/searchSlice.tsx"
      ],
      "file": "C:/Users/croco/Desktop/coding/react-rs/react-rs/react-components/src/store/searchSlice.tsx"
    },
    "_coverageSchema": "1a1c01bbd47fc00a2c39e90264f33305004495a9",
    "hash": "7b763dcac064ea71202838826a2c4b04be52f2cf"
  },
  "C:/Users/croco/Desktop/coding/react-rs/react-rs/react-components/src/API/BooksServise.tsx": {
    "path": "C:/Users/croco/Desktop/coding/react-rs/react-rs/react-components/src/API/BooksServise.tsx",
    "statementMap": {
      "0": {
        "start": {
          "line": 2,
          "column": 18
        },
        "end": {
          "line": 4,
          "column": 3
        }
      },
      "1": {
        "start": {
          "line": 5,
          "column": 24
        },
        "end": {
          "line": 28,
          "column": 2
        }
      },
      "2": {
        "start": {
          "line": 10,
          "column": 27
        },
        "end": {
          "line": 27,
          "column": 3
        }
      },
      "3": {
        "start": {
          "line": 12,
          "column": 24
        },
        "end": {
          "line": 17,
          "column": 7
        }
      },
      "4": {
        "start": {
          "line": 20,
          "column": 22
        },
        "end": {
          "line": 25,
          "column": 7
        }
      },
      "5": {
        "start": {
          "line": 33,
          "column": 4
        },
        "end": {
          "line": 33,
          "column": 12
        }
      }
    },
    "fnMap": {
      "0": {
        "name": "(anonymous_0)",
        "decl": {
          "start": {
            "line": 10,
            "column": 13
          },
          "end": {
            "line": 10,
            "column": 14
          }
        },
        "loc": {
          "start": {
            "line": 10,
            "column": 27
          },
          "end": {
            "line": 27,
            "column": 3
          }
        },
        "line": 10
      },
      "1": {
        "name": "(anonymous_1)",
        "decl": {
          "start": {
            "line": 12,
            "column": 13
          },
          "end": {
            "line": 12,
            "column": 14
          }
        },
        "loc": {
          "start": {
            "line": 12,
            "column": 24
          },
          "end": {
            "line": 17,
            "column": 7
          }
        },
        "line": 12
      },
      "2": {
        "name": "(anonymous_2)",
        "decl": {
          "start": {
            "line": 20,
            "column": 13
          },
          "end": {
            "line": 20,
            "column": 14
          }
        },
        "loc": {
          "start": {
            "line": 20,
            "column": 22
          },
          "end": {
            "line": 25,
            "column": 7
          }
        },
        "line": 20
      }
    },
    "branchMap": {},
    "s": {
      "0": 3,
      "1": 3,
      "2": 3,
      "3": 0,
      "4": 0,
      "5": 3
    },
    "f": {
      "0": 3,
      "1": 0,
      "2": 0
    },
    "b": {},
    "inputSourceMap": {
      "version": 3,
      "mappings": "AAAA,SACEA,gBACAC,gBACAC,YACAC,wBACK;AAKP,MAAMC,YAAYH,eAChBC,WAAU,GACVC,iBAAiB;AAAA,EAAEE,+BAA+B;AAAK,CAAC,CAAC;AAGpD,aAAMC,WAAWF,UAAU;AAAA,EAChCG,aAAa;AAAA,EACbC,WAAWR,eAAe;AAAA,IACxBS,SAAS;AAAA,EACX,CAAC;AAAA,EACDC,WAAYC,cAAa;AAAA,IACvBC,aAAaD,QAAQE,MAAmC;AAAA,MACtDA,OAAOA,CAACC,UAAW;AAAA,QACjBC,KAAM;AAAA,QACNC,QAAQ;AAAA,UACNC,GAAGH;AAAAA,QACL;AAAA,MACF;AAAA,IACF,CAAC;AAAA,IACDI,iBAAiBP,QAAQE,MAAuB;AAAA,MAC9CA,OAAQM,SAAQ;AAAA,QACdJ,KAAM;AAAA,QACNC,QAAQ;AAAA,UACNC,GAAGE;AAAAA,QACL;AAAA,MACF;AAAA,IACF,CAAC;AAAA,EACH;AACF,CAAC;AAEM,aAAM;AAAA,EACXC;AAAAA,EACAC;AAAAA,EACAC;AACF,IAAIhB",
      "names": [
        "fetchBaseQuery",
        "buildCreateApi",
        "coreModule",
        "reactHooksModule",
        "createApi",
        "unstable__sideEffectsInRender",
        "booksApi",
        "reducerPath",
        "baseQuery",
        "baseUrl",
        "endpoints",
        "builder",
        "getAllBooks",
        "query",
        "name",
        "url",
        "params",
        "q",
        "getSpecificBook",
        "id",
        "useGetAllBooksQuery",
        "useGetSpecificBookQuery",
        "useLazyGetSpecificBookQuery"
      ],
      "sources": [
        "C:/Users/croco/Desktop/coding/react-rs/react-rs/react-components/src/API/BooksServise.tsx"
      ],
      "file": "C:/Users/croco/Desktop/coding/react-rs/react-rs/react-components/src/API/BooksServise.tsx"
    },
    "_coverageSchema": "1a1c01bbd47fc00a2c39e90264f33305004495a9",
    "hash": "c4a9e72f8b0f1b8e4bc8446c1c42d34aed85fafd"
  },
  "C:/Users/croco/Desktop/coding/react-rs/react-rs/react-components/src/store/myBooksSlice.tsx": {
    "path": "C:/Users/croco/Desktop/coding/react-rs/react-rs/react-components/src/store/myBooksSlice.tsx",
    "statementMap": {
      "0": {
        "start": {
          "line": 2,
          "column": 21
        },
        "end": {
          "line": 4,
          "column": 1
        }
      },
      "1": {
        "start": {
          "line": 5,
          "column": 21
        },
        "end": {
          "line": 13,
          "column": 2
        }
      },
      "2": {
        "start": {
          "line": 10,
          "column": 6
        },
        "end": {
          "line": 10,
          "column": 39
        }
      },
      "3": {
        "start": {
          "line": 16,
          "column": 4
        },
        "end": {
          "line": 16,
          "column": 24
        }
      }
    },
    "fnMap": {
      "0": {
        "name": "(anonymous_0)",
        "decl": {
          "start": {
            "line": 9,
            "column": 4
          },
          "end": {
            "line": 9,
            "column": 5
          }
        },
        "loc": {
          "start": {
            "line": 9,
            "column": 27
          },
          "end": {
            "line": 11,
            "column": 5
          }
        },
        "line": 9
      }
    },
    "branchMap": {},
    "s": {
      "0": 3,
      "1": 3,
      "2": 1,
      "3": 3
    },
    "f": {
      "0": 1
    },
    "b": {},
    "inputSourceMap": {
      "version": 3,
      "mappings": "AAAA,SAAwBA,mBAAmB;AAO3C,MAAMC,eAA6B;AAAA,EACjCC,OAAO;AACT;AAEA,MAAMC,eAAeH,YAAY;AAAA,EAC/BI,MAAM;AAAA,EACNH;AAAAA,EACAI,UAAU;AAAA,IACRC,QAAQC,OAAOC,QAA8B;AAC3CD,YAAML,MAAMO,KAAKD,OAAOE,OAAO;AAAA,IACjC;AAAA,EACF;AACF,CAAC;AAEM,aAAM;AAAA,EAAEJ;AAAQ,IAAIH,aAAaQ;AAExC,eAAeR,aAAaS",
      "names": [
        "createSlice",
        "initialState",
        "books",
        "myBooksSlice",
        "name",
        "reducers",
        "addBook",
        "state",
        "action",
        "push",
        "payload",
        "actions",
        "reducer"
      ],
      "sources": [
        "C:/Users/croco/Desktop/coding/react-rs/react-rs/react-components/src/store/myBooksSlice.tsx"
      ],
      "file": "C:/Users/croco/Desktop/coding/react-rs/react-rs/react-components/src/store/myBooksSlice.tsx"
    },
    "_coverageSchema": "1a1c01bbd47fc00a2c39e90264f33305004495a9",
    "hash": "ae14fff97859a4fb5f0943c202a289b690dee409"
  },
  "C:/Users/croco/Desktop/coding/react-rs/react-rs/react-components/src/store/store.tsx": {
    "path": "C:/Users/croco/Desktop/coding/react-rs/react-rs/react-components/src/store/store.tsx",
    "statementMap": {
      "0": {
        "start": {
          "line": 5,
          "column": 20
        },
        "end": {
          "line": 9,
          "column": 2
        }
      },
      "1": {
        "start": {
          "line": 10,
          "column": 26
        },
        "end": {
          "line": 16,
          "column": 1
        }
      },
      "2": {
        "start": {
          "line": 11,
          "column": 2
        },
        "end": {
          "line": 15,
          "column": 5
        }
      },
      "3": {
        "start": {
          "line": 14,
          "column": 42
        },
        "end": {
          "line": 14,
          "column": 92
        }
      }
    },
    "fnMap": {
      "0": {
        "name": "(anonymous_0)",
        "decl": {
          "start": {
            "line": 10,
            "column": 26
          },
          "end": {
            "line": 10,
            "column": 27
          }
        },
        "loc": {
          "start": {
            "line": 10,
            "column": 46
          },
          "end": {
            "line": 16,
            "column": 1
          }
        },
        "line": 10
      },
      "1": {
        "name": "(anonymous_1)",
        "decl": {
          "start": {
            "line": 14,
            "column": 16
          },
          "end": {
            "line": 14,
            "column": 17
          }
        },
        "loc": {
          "start": {
            "line": 14,
            "column": 42
          },
          "end": {
            "line": 14,
            "column": 92
          }
        },
        "line": 14
      }
    },
    "branchMap": {},
    "s": {
      "0": 3,
      "1": 3,
      "2": 3,
      "3": 3
    },
    "f": {
      "0": 3,
      "1": 3
    },
    "b": {},
    "inputSourceMap": {
      "version": 3,
      "mappings": "AAAA,SAASA,iBAAiBC,sBAAsB;AAEhD,OAAOC,mBAAmB;AAC1B,SAASC,gBAAgB;AACzB,OAAOC,oBAAoB;AAE3B,MAAMC,cAAcL,gBAAgB;AAAA,EAClCM,QAAQJ;AAAAA,EACRK,SAASH;AAAAA,EACT,CAACD,SAASK,WAAW,GAAGL,SAASM;AACnC,CAAC;AAEM,aAAMC,aAAaA,CAACC,mBAA+C;AACxE,SAAOV,eAAe;AAAA,IACpBQ,SAASJ;AAAAA,IACTM;AAAAA,IACAC,YAAaC,0BACXA,qBAAoB,EAAGC,OAAOX,SAASS,UAAU;AAAA,EACrD,CAAC;AACH;AAEA,eAAeF",
      "names": [
        "combineReducers",
        "configureStore",
        "searchReducer",
        "booksApi",
        "myBooksReducer",
        "rootReducer",
        "search",
        "myBooks",
        "reducerPath",
        "reducer",
        "setupStore",
        "preloadedState",
        "middleware",
        "getDefaultMiddleware",
        "concat"
      ],
      "sources": [
        "C:/Users/croco/Desktop/coding/react-rs/react-rs/react-components/src/store/store.tsx"
      ],
      "file": "C:/Users/croco/Desktop/coding/react-rs/react-rs/react-components/src/store/store.tsx"
    },
    "_coverageSchema": "1a1c01bbd47fc00a2c39e90264f33305004495a9",
    "hash": "bc2945d65108c77d1a15dabe3c2ea67e08e010bb"
  },
  "C:/Users/croco/Desktop/coding/react-rs/react-rs/react-components/src/store/index.tsx": {
    "path": "C:/Users/croco/Desktop/coding/react-rs/react-rs/react-components/src/store/index.tsx",
    "statementMap": {},
    "fnMap": {},
    "branchMap": {},
    "s": {},
    "f": {},
    "b": {},
    "inputSourceMap": {
      "version": 3,
      "mappings": "AAAA,cAAc;AACd,cAAc",
      "names": [],
      "sources": [
        "C:/Users/croco/Desktop/coding/react-rs/react-rs/react-components/src/store/index.tsx"
      ],
      "file": "C:/Users/croco/Desktop/coding/react-rs/react-rs/react-components/src/store/index.tsx"
    },
    "_coverageSchema": "1a1c01bbd47fc00a2c39e90264f33305004495a9",
    "hash": "cc59d0bc1278263a23c4d8b1a662516b7e5d04b8"
  },
  "C:/Users/croco/Desktop/coding/react-rs/react-rs/react-components/src/pages/About/About.tsx": {
    "path": "C:/Users/croco/Desktop/coding/react-rs/react-rs/react-components/src/pages/About/About.tsx",
    "statementMap": {
      "0": {
        "start": {
          "line": 5,
          "column": 0
        },
        "end": {
          "line": 15,
          "column": 1
        }
      },
      "1": {
        "start": {
          "line": 6,
          "column": 2
        },
        "end": {
          "line": 8,
          "column": 3
        }
      },
      "2": {
        "start": {
          "line": 7,
          "column": 4
        },
        "end": {
          "line": 7,
          "column": 165
        }
      },
      "3": {
        "start": {
          "line": 9,
          "column": 2
        },
        "end": {
          "line": 9,
          "column": 39
        }
      },
      "4": {
        "start": {
          "line": 10,
          "column": 2
        },
        "end": {
          "line": 10,
          "column": 39
        }
      },
      "5": {
        "start": {
          "line": 11,
          "column": 2
        },
        "end": {
          "line": 13,
          "column": 4
        }
      },
      "6": {
        "start": {
          "line": 12,
          "column": 4
        },
        "end": {
          "line": 12,
          "column": 134
        }
      },
      "7": {
        "start": {
          "line": 14,
          "column": 2
        },
        "end": {
          "line": 14,
          "column": 75
        }
      },
      "8": {
        "start": {
          "line": 18,
          "column": 2
        },
        "end": {
          "line": 54,
          "column": 11
        }
      },
      "9": {
        "start": {
          "line": 56,
          "column": 0
        },
        "end": {
          "line": 56,
          "column": 11
        }
      },
      "10": {
        "start": {
          "line": 59,
          "column": 0
        },
        "end": {
          "line": 59,
          "column": 26
        }
      },
      "11": {
        "start": {
          "line": 60,
          "column": 0
        },
        "end": {
          "line": 76,
          "column": 1
        }
      },
      "12": {
        "start": {
          "line": 61,
          "column": 2
        },
        "end": {
          "line": 61,
          "column": 39
        }
      },
      "13": {
        "start": {
          "line": 62,
          "column": 2
        },
        "end": {
          "line": 62,
          "column": 39
        }
      },
      "14": {
        "start": {
          "line": 63,
          "column": 2
        },
        "end": {
          "line": 75,
          "column": 5
        }
      },
      "15": {
        "start": {
          "line": 67,
          "column": 4
        },
        "end": {
          "line": 67,
          "column": 160
        }
      },
      "16": {
        "start": {
          "line": 68,
          "column": 4
        },
        "end": {
          "line": 74,
          "column": 7
        }
      },
      "17": {
        "start": {
          "line": 69,
          "column": 6
        },
        "end": {
          "line": 70,
          "column": 15
        }
      },
      "18": {
        "start": {
          "line": 70,
          "column": 8
        },
        "end": {
          "line": 70,
          "column": 15
        }
      },
      "19": {
        "start": {
          "line": 71,
          "column": 32
        },
        "end": {
          "line": 71,
          "column": 115
        }
      },
      "20": {
        "start": {
          "line": 72,
          "column": 6
        },
        "end": {
          "line": 73,
          "column": 54
        }
      },
      "21": {
        "start": {
          "line": 73,
          "column": 8
        },
        "end": {
          "line": 73,
          "column": 54
        }
      }
    },
    "fnMap": {
      "0": {
        "name": "(anonymous_0)",
        "decl": {
          "start": {
            "line": 11,
            "column": 24
          },
          "end": {
            "line": 11,
            "column": 25
          }
        },
        "loc": {
          "start": {
            "line": 11,
            "column": 38
          },
          "end": {
            "line": 13,
            "column": 3
          }
        },
        "line": 11
      },
      "1": {
        "name": "About",
        "decl": {
          "start": {
            "line": 17,
            "column": 9
          },
          "end": {
            "line": 17,
            "column": 14
          }
        },
        "loc": {
          "start": {
            "line": 17,
            "column": 17
          },
          "end": {
            "line": 55,
            "column": 1
          }
        },
        "line": 17
      },
      "2": {
        "name": "(anonymous_2)",
        "decl": {
          "start": {
            "line": 66,
            "column": 9
          },
          "end": {
            "line": 66,
            "column": 10
          }
        },
        "loc": {
          "start": {
            "line": 66,
            "column": 29
          },
          "end": {
            "line": 75,
            "column": 3
          }
        },
        "line": 66
      },
      "3": {
        "name": "(anonymous_3)",
        "decl": {
          "start": {
            "line": 68,
            "column": 27
          },
          "end": {
            "line": 68,
            "column": 28
          }
        },
        "loc": {
          "start": {
            "line": 68,
            "column": 44
          },
          "end": {
            "line": 74,
            "column": 5
          }
        },
        "line": 68
      }
    },
    "branchMap": {
      "0": {
        "loc": {
          "start": {
            "line": 5,
            "column": 0
          },
          "end": {
            "line": 15,
            "column": 1
          }
        },
        "type": "if",
        "locations": [
          {
            "start": {
              "line": 5,
              "column": 0
            },
            "end": {
              "line": 15,
              "column": 1
            }
          },
          {
            "start": {},
            "end": {}
          }
        ],
        "line": 5
      },
      "1": {
        "loc": {
          "start": {
            "line": 6,
            "column": 2
          },
          "end": {
            "line": 8,
            "column": 3
          }
        },
        "type": "if",
        "locations": [
          {
            "start": {
              "line": 6,
              "column": 2
            },
            "end": {
              "line": 8,
              "column": 3
            }
          },
          {
            "start": {},
            "end": {}
          }
        ],
        "line": 6
      },
      "2": {
        "loc": {
          "start": {
            "line": 60,
            "column": 0
          },
          "end": {
            "line": 76,
            "column": 1
          }
        },
        "type": "if",
        "locations": [
          {
            "start": {
              "line": 60,
              "column": 0
            },
            "end": {
              "line": 76,
              "column": 1
            }
          },
          {
            "start": {},
            "end": {}
          }
        ],
        "line": 60
      },
      "3": {
        "loc": {
          "start": {
            "line": 69,
            "column": 6
          },
          "end": {
            "line": 70,
            "column": 15
          }
        },
        "type": "if",
        "locations": [
          {
            "start": {
              "line": 69,
              "column": 6
            },
            "end": {
              "line": 70,
              "column": 15
            }
          },
          {
            "start": {},
            "end": {}
          }
        ],
        "line": 69
      },
      "4": {
        "loc": {
          "start": {
            "line": 72,
            "column": 6
          },
          "end": {
            "line": 73,
            "column": 54
          }
        },
        "type": "if",
        "locations": [
          {
            "start": {
              "line": 72,
              "column": 6
            },
            "end": {
              "line": 73,
              "column": 54
            }
          },
          {
            "start": {},
            "end": {}
          }
        ],
        "line": 72
      }
    },
    "s": {
      "0": 3,
      "1": 3,
      "2": 0,
      "3": 3,
      "4": 3,
      "5": 3,
      "6": 3,
      "7": 3,
      "8": 0,
      "9": 3,
      "10": 3,
      "11": 3,
      "12": 3,
      "13": 3,
      "14": 3,
      "15": 3,
      "16": 3,
      "17": 0,
      "18": 0,
      "19": 0,
      "20": 0,
      "21": 0
    },
    "f": {
      "0": 3,
      "1": 0,
      "2": 3,
      "3": 0
    },
    "b": {
      "0": [
        3,
        0
      ],
      "1": [
        0,
        3
      ],
      "2": [
        3,
        0
      ],
      "3": [
        0,
        0
      ],
      "4": [
        0,
        0
      ]
    },
    "inputSourceMap": {
      "version": 3,
      "mappings": "AAII,mBACE,cADF;AAJJ,OAAOA,oBAAY;AAAqB;AAAA;AAAA;AAAA;AAAA;AAAA;AAAA;AAAA;AAAA;AAAA;AAAA;AAAA;AAAA;AAAA;AAExC,SAASC,QAAQ;AACf,SACE,mCACE;AAAA,2BAAC,QAAG,WAAWD,OAAOE,OAAO,sCAA7B;AAAA;AAAA;AAAA;AAAA,WAAmD;AAAA,IACnD,uBAAC,SAAI,WAAWF,OAAOG,MACrB;AAAA,6BAAC,OACC,iCAAC,OAAC,0FAAF;AAAA;AAAA;AAAA;AAAA,aAGA,KAJF;AAAA;AAAA;AAAA;AAAA,aAKA;AAAA,MACA,uBAAC,OAAC,kYAAF;AAAA;AAAA;AAAA;AAAA,aAOA;AAAA,MACA,uBAAC,OAAC,0iCAAF;AAAA;AAAA;AAAA;AAAA,aAiBA;AAAA,MAAG;AAAA,SAhCL;AAAA;AAAA;AAAA;AAAA,WA2CA;AAAA,OA7CF;AAAA;AAAA;AAAA;AAAA,SA8CA;AAEJ;AAACC,KAlDQH;AAoDT,eAAeA;AAAM;AAAAI",
      "names": [
        "styles",
        "About",
        "title",
        "info",
        "_c",
        "$RefreshReg$"
      ],
      "sources": [
        "C:/Users/croco/Desktop/coding/react-rs/react-rs/react-components/src/pages/About/About.tsx"
      ],
      "file": "C:/Users/croco/Desktop/coding/react-rs/react-rs/react-components/src/pages/About/About.tsx"
    },
    "_coverageSchema": "1a1c01bbd47fc00a2c39e90264f33305004495a9",
    "hash": "f35908cb6f3f724033779ea957e27ac70f025394"
  },
  "C:/Users/croco/Desktop/coding/react-rs/react-rs/react-components/src/hooks/redux.tsx": {
    "path": "C:/Users/croco/Desktop/coding/react-rs/react-rs/react-components/src/hooks/redux.tsx",
    "statementMap": {
      "0": {
        "start": {
          "line": 2,
          "column": 30
        },
        "end": {
          "line": 2,
          "column": 41
        }
      },
      "1": {
        "start": {
          "line": 3,
          "column": 30
        },
        "end": {
          "line": 3,
          "column": 41
        }
      }
    },
    "fnMap": {},
    "branchMap": {},
    "s": {
      "0": 3,
      "1": 3
    },
    "f": {},
    "b": {},
    "inputSourceMap": {
      "version": 3,
      "mappings": "AAAA,SAASA,aAAaC,mBAAmB;AAIlC,aAAMC,iBAAoCF;AAC1C,aAAMG,iBAAkDF",
      "names": [
        "useDispatch",
        "useSelector",
        "useAppDispatch",
        "useAppSelector"
      ],
      "sources": [
        "C:/Users/croco/Desktop/coding/react-rs/react-rs/react-components/src/hooks/redux.tsx"
      ],
      "file": "C:/Users/croco/Desktop/coding/react-rs/react-rs/react-components/src/hooks/redux.tsx"
    },
    "_coverageSchema": "1a1c01bbd47fc00a2c39e90264f33305004495a9",
    "hash": "4f6d3c9b053c02c254d88bcf077c37550eed9138"
  },
  "C:/Users/croco/Desktop/coding/react-rs/react-rs/react-components/src/components/Search/Search.tsx": {
    "path": "C:/Users/croco/Desktop/coding/react-rs/react-rs/react-components/src/components/Search/Search.tsx",
    "statementMap": {
      "0": {
        "start": {
          "line": 5,
          "column": 0
        },
        "end": {
          "line": 15,
          "column": 1
        }
      },
      "1": {
        "start": {
          "line": 6,
          "column": 2
        },
        "end": {
          "line": 8,
          "column": 3
        }
      },
      "2": {
        "start": {
          "line": 7,
          "column": 4
        },
        "end": {
          "line": 7,
          "column": 165
        }
      },
      "3": {
        "start": {
          "line": 9,
          "column": 2
        },
        "end": {
          "line": 9,
          "column": 39
        }
      },
      "4": {
        "start": {
          "line": 10,
          "column": 2
        },
        "end": {
          "line": 10,
          "column": 39
        }
      },
      "5": {
        "start": {
          "line": 11,
          "column": 2
        },
        "end": {
          "line": 13,
          "column": 4
        }
      },
      "6": {
        "start": {
          "line": 12,
          "column": 4
        },
        "end": {
          "line": 12,
          "column": 141
        }
      },
      "7": {
        "start": {
          "line": 14,
          "column": 2
        },
        "end": {
          "line": 14,
          "column": 75
        }
      },
      "8": {
        "start": {
          "line": 16,
          "column": 9
        },
        "end": {
          "line": 16,
          "column": 23
        }
      },
      "9": {
        "start": {
          "line": 22,
          "column": 15
        },
        "end": {
          "line": 47,
          "column": 1
        }
      },
      "10": {
        "start": {
          "line": 23,
          "column": 2
        },
        "end": {
          "line": 23,
          "column": 7
        }
      },
      "11": {
        "start": {
          "line": 24,
          "column": 28
        },
        "end": {
          "line": 24,
          "column": 79
        }
      },
      "12": {
        "start": {
          "line": 24,
          "column": 54
        },
        "end": {
          "line": 24,
          "column": 72
        }
      },
      "13": {
        "start": {
          "line": 25,
          "column": 19
        },
        "end": {
          "line": 25,
          "column": 35
        }
      },
      "14": {
        "start": {
          "line": 26,
          "column": 38
        },
        "end": {
          "line": 26,
          "column": 65
        }
      },
      "15": {
        "start": {
          "line": 27,
          "column": 2
        },
        "end": {
          "line": 27,
          "column": 34
        }
      },
      "16": {
        "start": {
          "line": 28,
          "column": 23
        },
        "end": {
          "line": 31,
          "column": 3
        }
      },
      "17": {
        "start": {
          "line": 29,
          "column": 4
        },
        "end": {
          "line": 29,
          "column": 27
        }
      },
      "18": {
        "start": {
          "line": 30,
          "column": 4
        },
        "end": {
          "line": 30,
          "column": 41
        }
      },
      "19": {
        "start": {
          "line": 32,
          "column": 23
        },
        "end": {
          "line": 37,
          "column": 3
        }
      },
      "20": {
        "start": {
          "line": 35,
          "column": 8
        },
        "end": {
          "line": 35,
          "column": 20
        }
      },
      "21": {
        "start": {
          "line": 36,
          "column": 4
        },
        "end": {
          "line": 36,
          "column": 25
        }
      },
      "22": {
        "start": {
          "line": 38,
          "column": 2
        },
        "end": {
          "line": 46,
          "column": 11
        }
      },
      "23": {
        "start": {
          "line": 48,
          "column": 0
        },
        "end": {
          "line": 50,
          "column": 3
        }
      },
      "24": {
        "start": {
          "line": 49,
          "column": 2
        },
        "end": {
          "line": 49,
          "column": 63
        }
      },
      "25": {
        "start": {
          "line": 51,
          "column": 0
        },
        "end": {
          "line": 51,
          "column": 12
        }
      },
      "26": {
        "start": {
          "line": 54,
          "column": 0
        },
        "end": {
          "line": 54,
          "column": 27
        }
      },
      "27": {
        "start": {
          "line": 55,
          "column": 0
        },
        "end": {
          "line": 71,
          "column": 1
        }
      },
      "28": {
        "start": {
          "line": 56,
          "column": 2
        },
        "end": {
          "line": 56,
          "column": 39
        }
      },
      "29": {
        "start": {
          "line": 57,
          "column": 2
        },
        "end": {
          "line": 57,
          "column": 39
        }
      },
      "30": {
        "start": {
          "line": 58,
          "column": 2
        },
        "end": {
          "line": 70,
          "column": 5
        }
      },
      "31": {
        "start": {
          "line": 62,
          "column": 4
        },
        "end": {
          "line": 62,
          "column": 167
        }
      },
      "32": {
        "start": {
          "line": 63,
          "column": 4
        },
        "end": {
          "line": 69,
          "column": 7
        }
      },
      "33": {
        "start": {
          "line": 64,
          "column": 6
        },
        "end": {
          "line": 65,
          "column": 15
        }
      },
      "34": {
        "start": {
          "line": 65,
          "column": 8
        },
        "end": {
          "line": 65,
          "column": 15
        }
      },
      "35": {
        "start": {
          "line": 66,
          "column": 32
        },
        "end": {
          "line": 66,
          "column": 115
        }
      },
      "36": {
        "start": {
          "line": 67,
          "column": 6
        },
        "end": {
          "line": 68,
          "column": 54
        }
      },
      "37": {
        "start": {
          "line": 68,
          "column": 8
        },
        "end": {
          "line": 68,
          "column": 54
        }
      }
    },
    "fnMap": {
      "0": {
        "name": "(anonymous_0)",
        "decl": {
          "start": {
            "line": 11,
            "column": 24
          },
          "end": {
            "line": 11,
            "column": 25
          }
        },
        "loc": {
          "start": {
            "line": 11,
            "column": 38
          },
          "end": {
            "line": 13,
            "column": 3
          }
        },
        "line": 11
      },
      "1": {
        "name": "(anonymous_1)",
        "decl": {
          "start": {
            "line": 22,
            "column": 15
          },
          "end": {
            "line": 22,
            "column": 16
          }
        },
        "loc": {
          "start": {
            "line": 22,
            "column": 21
          },
          "end": {
            "line": 47,
            "column": 1
          }
        },
        "line": 22
      },
      "2": {
        "name": "(anonymous_2)",
        "decl": {
          "start": {
            "line": 24,
            "column": 43
          },
          "end": {
            "line": 24,
            "column": 44
          }
        },
        "loc": {
          "start": {
            "line": 24,
            "column": 54
          },
          "end": {
            "line": 24,
            "column": 72
          }
        },
        "line": 24
      },
      "3": {
        "name": "(anonymous_3)",
        "decl": {
          "start": {
            "line": 28,
            "column": 23
          },
          "end": {
            "line": 28,
            "column": 24
          }
        },
        "loc": {
          "start": {
            "line": 28,
            "column": 40
          },
          "end": {
            "line": 31,
            "column": 3
          }
        },
        "line": 28
      },
      "4": {
        "name": "(anonymous_4)",
        "decl": {
          "start": {
            "line": 32,
            "column": 23
          },
          "end": {
            "line": 32,
            "column": 24
          }
        },
        "loc": {
          "start": {
            "line": 32,
            "column": 34
          },
          "end": {
            "line": 37,
            "column": 3
          }
        },
        "line": 32
      },
      "5": {
        "name": "(anonymous_5)",
        "decl": {
          "start": {
            "line": 48,
            "column": 50
          },
          "end": {
            "line": 48,
            "column": 51
          }
        },
        "loc": {
          "start": {
            "line": 48,
            "column": 61
          },
          "end": {
            "line": 50,
            "column": 1
          }
        },
        "line": 48
      },
      "6": {
        "name": "(anonymous_6)",
        "decl": {
          "start": {
            "line": 61,
            "column": 9
          },
          "end": {
            "line": 61,
            "column": 10
          }
        },
        "loc": {
          "start": {
            "line": 61,
            "column": 29
          },
          "end": {
            "line": 70,
            "column": 3
          }
        },
        "line": 61
      },
      "7": {
        "name": "(anonymous_7)",
        "decl": {
          "start": {
            "line": 63,
            "column": 27
          },
          "end": {
            "line": 63,
            "column": 28
          }
        },
        "loc": {
          "start": {
            "line": 63,
            "column": 44
          },
          "end": {
            "line": 69,
            "column": 5
          }
        },
        "line": 63
      }
    },
    "branchMap": {
      "0": {
        "loc": {
          "start": {
            "line": 5,
            "column": 0
          },
          "end": {
            "line": 15,
            "column": 1
          }
        },
        "type": "if",
        "locations": [
          {
            "start": {
              "line": 5,
              "column": 0
            },
            "end": {
              "line": 15,
              "column": 1
            }
          },
          {
            "start": {},
            "end": {}
          }
        ],
        "line": 5
      },
      "1": {
        "loc": {
          "start": {
            "line": 6,
            "column": 2
          },
          "end": {
            "line": 8,
            "column": 3
          }
        },
        "type": "if",
        "locations": [
          {
            "start": {
              "line": 6,
              "column": 2
            },
            "end": {
              "line": 8,
              "column": 3
            }
          },
          {
            "start": {},
            "end": {}
          }
        ],
        "line": 6
      },
      "2": {
        "loc": {
          "start": {
            "line": 24,
            "column": 28
          },
          "end": {
            "line": 24,
            "column": 79
          }
        },
        "type": "binary-expr",
        "locations": [
          {
            "start": {
              "line": 24,
              "column": 28
            },
            "end": {
              "line": 24,
              "column": 73
            }
          },
          {
            "start": {
              "line": 24,
              "column": 77
            },
            "end": {
              "line": 24,
              "column": 79
            }
          }
        ],
        "line": 24
      },
      "3": {
        "loc": {
          "start": {
            "line": 55,
            "column": 0
          },
          "end": {
            "line": 71,
            "column": 1
          }
        },
        "type": "if",
        "locations": [
          {
            "start": {
              "line": 55,
              "column": 0
            },
            "end": {
              "line": 71,
              "column": 1
            }
          },
          {
            "start": {},
            "end": {}
          }
        ],
        "line": 55
      },
      "4": {
        "loc": {
          "start": {
            "line": 64,
            "column": 6
          },
          "end": {
            "line": 65,
            "column": 15
          }
        },
        "type": "if",
        "locations": [
          {
            "start": {
              "line": 64,
              "column": 6
            },
            "end": {
              "line": 65,
              "column": 15
            }
          },
          {
            "start": {},
            "end": {}
          }
        ],
        "line": 64
      },
      "5": {
        "loc": {
          "start": {
            "line": 67,
            "column": 6
          },
          "end": {
            "line": 68,
            "column": 54
          }
        },
        "type": "if",
        "locations": [
          {
            "start": {
              "line": 67,
              "column": 6
            },
            "end": {
              "line": 68,
              "column": 54
            }
          },
          {
            "start": {},
            "end": {}
          }
        ],
        "line": 67
      }
    },
    "s": {
      "0": 3,
      "1": 3,
      "2": 0,
      "3": 3,
      "4": 3,
      "5": 3,
      "6": 3,
      "7": 3,
      "8": 3,
      "9": 3,
      "10": 0,
      "11": 0,
      "12": 0,
      "13": 0,
      "14": 0,
      "15": 0,
      "16": 0,
      "17": 0,
      "18": 0,
      "19": 0,
      "20": 0,
      "21": 0,
      "22": 0,
      "23": 3,
      "24": 0,
      "25": 3,
      "26": 3,
      "27": 3,
      "28": 3,
      "29": 3,
      "30": 3,
      "31": 3,
      "32": 3,
      "33": 0,
      "34": 0,
      "35": 0,
      "36": 0,
      "37": 0
    },
    "f": {
      "0": 3,
      "1": 0,
      "2": 0,
      "3": 0,
      "4": 0,
      "5": 0,
      "6": 3,
      "7": 0
    },
    "b": {
      "0": [
        3,
        0
      ],
      "1": [
        0,
        3
      ],
      "2": [
        0,
        0
      ],
      "3": [
        3,
        0
      ],
      "4": [
        0,
        0
      ],
      "5": [
        0,
        0
      ]
    },
    "inputSourceMap": {
      "version": 3,
      "mappings": "AA6BM;;;;;;;;;;;;;;;;AA7BN,SAAqCA,gBAAgB;AACrD,OAAOC,YAAY;AACnB,SAASC,2BAA2B;AACpC,SAASC,gBAAgBC,sBAAsB;AAC/C,SAASC,sBAAsB;AAE/B,MAAMC,SAAaA,MAAM;AAAAC;AACvB,QAAMC,oBAAoBJ,eAAgBK,WAAUA,MAAMC,OAAOC,KAAK,KAAK;AAC3E,QAAMC,WAAWT,eAAc;AAC/B,QAAM,CAACU,YAAYC,aAAa,IAAId,SAAiBQ,iBAAiB;AACtEN,sBAAoBW,UAAU;AAE9B,QAAME,eAAe,OAAOC,UAAqB;AAC/CA,UAAMC,eAAc;AACpBL,aAASP,eAAeQ,UAAU,CAAC;AAAA,EACrC;AAEA,QAAMK,eAA6CA,CAACF,UAAuB;AACzE,UAAM;AAAA,MAAEL;AAAAA,IAAM,IAAIK,MAAMG;AACxBL,kBAAcH,KAAK;AAAA,EACrB;AAEA,SACE,uBAAC,UACC,aAAU,iBACV,cAAW,QACX,WAAWV,OAAOmB,MAClB,UAAUL,cAEV,iCAAC,WACC,aAAU,mBACV,MAAK,QACL,OAAOF,YACP,UAAUK,cACV,WAAWjB,OAAOS,QAClB,aAAY,kBANd;AAAA;AAAA;AAAA;AAAA,SAM4B,KAZ9B;AAAA;AAAA;AAAA;AAAA,SAcA;AAEJ;AAAEH,GAjCID,QAAU;AAAA,UACYF,gBACTD,gBAEjBD,mBAAmB;AAAA;AAAAmB,KAJff;AAmCN,eAAeA;AAAO;AAAAgB",
      "names": [
        "useState",
        "styles",
        "useGetAllBooksQuery",
        "useAppDispatch",
        "useAppSelector",
        "addSearchValue",
        "Search",
        "_s",
        "initialInputValue",
        "state",
        "search",
        "value",
        "dispatch",
        "inputValue",
        "setInputValue",
        "handleSubmit",
        "event",
        "preventDefault",
        "handleChange",
        "target",
        "form",
        "_c",
        "$RefreshReg$"
      ],
      "sources": [
        "C:/Users/croco/Desktop/coding/react-rs/react-rs/react-components/src/components/Search/Search.tsx"
      ],
      "file": "C:/Users/croco/Desktop/coding/react-rs/react-rs/react-components/src/components/Search/Search.tsx"
    },
    "_coverageSchema": "1a1c01bbd47fc00a2c39e90264f33305004495a9",
    "hash": "a893ed49feb4468bf7772a162d73801bcda69e0a"
  },
  "C:/Users/croco/Desktop/coding/react-rs/react-rs/react-components/src/utils/helpers.tsx": {
    "path": "C:/Users/croco/Desktop/coding/react-rs/react-rs/react-components/src/utils/helpers.tsx",
    "statementMap": {
      "0": {
        "start": {
          "line": 2,
          "column": 2
        },
        "end": {
          "line": 6,
          "column": 4
        }
      },
      "1": {
        "start": {
          "line": 3,
          "column": 4
        },
        "end": {
          "line": 5,
          "column": 5
        }
      },
      "2": {
        "start": {
          "line": 4,
          "column": 6
        },
        "end": {
          "line": 4,
          "column": 16
        }
      }
    },
    "fnMap": {
      "0": {
        "name": "filterKeyEnter",
        "decl": {
          "start": {
            "line": 1,
            "column": 9
          },
          "end": {
            "line": 1,
            "column": 23
          }
        },
        "loc": {
          "start": {
            "line": 1,
            "column": 33
          },
          "end": {
            "line": 7,
            "column": 1
          }
        },
        "line": 1
      },
      "1": {
        "name": "(anonymous_1)",
        "decl": {
          "start": {
            "line": 2,
            "column": 9
          },
          "end": {
            "line": 2,
            "column": 10
          }
        },
        "loc": {
          "start": {
            "line": 2,
            "column": 16
          },
          "end": {
            "line": 6,
            "column": 3
          }
        },
        "line": 2
      }
    },
    "branchMap": {
      "0": {
        "loc": {
          "start": {
            "line": 3,
            "column": 4
          },
          "end": {
            "line": 5,
            "column": 5
          }
        },
        "type": "if",
        "locations": [
          {
            "start": {
              "line": 3,
              "column": 4
            },
            "end": {
              "line": 5,
              "column": 5
            }
          },
          {
            "start": {},
            "end": {}
          }
        ],
        "line": 3
      }
    },
    "s": {
      "0": 3,
      "1": 0,
      "2": 0
    },
    "f": {
      "0": 3,
      "1": 0
    },
    "b": {
      "0": [
        0,
        0
      ]
    },
    "inputSourceMap": {
      "version": 3,
      "mappings": "AAAA,SAASA,eAAeC,SAAqB;AAC3C,SAAO,CAACC,MAA2C;AACjD,QAAIA,EAAEC,QAAQ,SAAS;AACrBF,cAAO;AAAA,IACT;AAAA,EACF;AACF;AAEA,eAAeD",
      "names": [
        "filterKeyEnter",
        "handler",
        "e",
        "key"
      ],
      "sources": [
        "C:/Users/croco/Desktop/coding/react-rs/react-rs/react-components/src/utils/helpers.tsx"
      ],
      "file": "C:/Users/croco/Desktop/coding/react-rs/react-rs/react-components/src/utils/helpers.tsx"
    },
    "_coverageSchema": "1a1c01bbd47fc00a2c39e90264f33305004495a9",
    "hash": "729d31eecca3d653eb36ed979d875a0ca40dfa0e"
  },
  "C:/Users/croco/Desktop/coding/react-rs/react-rs/react-components/src/components/Product/Product.tsx": {
    "path": "C:/Users/croco/Desktop/coding/react-rs/react-rs/react-components/src/components/Product/Product.tsx",
    "statementMap": {
      "0": {
        "start": {
          "line": 5,
          "column": 0
        },
        "end": {
          "line": 15,
          "column": 1
        }
      },
      "1": {
        "start": {
          "line": 6,
          "column": 2
        },
        "end": {
          "line": 8,
          "column": 3
        }
      },
      "2": {
        "start": {
          "line": 7,
          "column": 4
        },
        "end": {
          "line": 7,
          "column": 165
        }
      },
      "3": {
        "start": {
          "line": 9,
          "column": 2
        },
        "end": {
          "line": 9,
          "column": 39
        }
      },
      "4": {
        "start": {
          "line": 10,
          "column": 2
        },
        "end": {
          "line": 10,
          "column": 39
        }
      },
      "5": {
        "start": {
          "line": 11,
          "column": 2
        },
        "end": {
          "line": 13,
          "column": 4
        }
      },
      "6": {
        "start": {
          "line": 12,
          "column": 4
        },
        "end": {
          "line": 12,
          "column": 143
        }
      },
      "7": {
        "start": {
          "line": 14,
          "column": 2
        },
        "end": {
          "line": 14,
          "column": 75
        }
      },
      "8": {
        "start": {
          "line": 22,
          "column": 2
        },
        "end": {
          "line": 50,
          "column": 11
        }
      },
      "9": {
        "start": {
          "line": 22,
          "column": 70
        },
        "end": {
          "line": 22,
          "column": 99
        }
      },
      "10": {
        "start": {
          "line": 22,
          "column": 133
        },
        "end": {
          "line": 22,
          "column": 162
        }
      },
      "11": {
        "start": {
          "line": 52,
          "column": 0
        },
        "end": {
          "line": 52,
          "column": 13
        }
      },
      "12": {
        "start": {
          "line": 55,
          "column": 0
        },
        "end": {
          "line": 55,
          "column": 28
        }
      },
      "13": {
        "start": {
          "line": 56,
          "column": 0
        },
        "end": {
          "line": 72,
          "column": 1
        }
      },
      "14": {
        "start": {
          "line": 57,
          "column": 2
        },
        "end": {
          "line": 57,
          "column": 39
        }
      },
      "15": {
        "start": {
          "line": 58,
          "column": 2
        },
        "end": {
          "line": 58,
          "column": 39
        }
      },
      "16": {
        "start": {
          "line": 59,
          "column": 2
        },
        "end": {
          "line": 71,
          "column": 5
        }
      },
      "17": {
        "start": {
          "line": 63,
          "column": 4
        },
        "end": {
          "line": 63,
          "column": 169
        }
      },
      "18": {
        "start": {
          "line": 64,
          "column": 4
        },
        "end": {
          "line": 70,
          "column": 7
        }
      },
      "19": {
        "start": {
          "line": 65,
          "column": 6
        },
        "end": {
          "line": 66,
          "column": 15
        }
      },
      "20": {
        "start": {
          "line": 66,
          "column": 8
        },
        "end": {
          "line": 66,
          "column": 15
        }
      },
      "21": {
        "start": {
          "line": 67,
          "column": 32
        },
        "end": {
          "line": 67,
          "column": 115
        }
      },
      "22": {
        "start": {
          "line": 68,
          "column": 6
        },
        "end": {
          "line": 69,
          "column": 54
        }
      },
      "23": {
        "start": {
          "line": 69,
          "column": 8
        },
        "end": {
          "line": 69,
          "column": 54
        }
      }
    },
    "fnMap": {
      "0": {
        "name": "(anonymous_0)",
        "decl": {
          "start": {
            "line": 11,
            "column": 24
          },
          "end": {
            "line": 11,
            "column": 25
          }
        },
        "loc": {
          "start": {
            "line": 11,
            "column": 38
          },
          "end": {
            "line": 13,
            "column": 3
          }
        },
        "line": 11
      },
      "1": {
        "name": "Product",
        "decl": {
          "start": {
            "line": 18,
            "column": 9
          },
          "end": {
            "line": 18,
            "column": 16
          }
        },
        "loc": {
          "start": {
            "line": 21,
            "column": 3
          },
          "end": {
            "line": 51,
            "column": 1
          }
        },
        "line": 21
      },
      "2": {
        "name": "(anonymous_2)",
        "decl": {
          "start": {
            "line": 22,
            "column": 64
          },
          "end": {
            "line": 22,
            "column": 65
          }
        },
        "loc": {
          "start": {
            "line": 22,
            "column": 70
          },
          "end": {
            "line": 22,
            "column": 99
          }
        },
        "line": 22
      },
      "3": {
        "name": "(anonymous_3)",
        "decl": {
          "start": {
            "line": 22,
            "column": 127
          },
          "end": {
            "line": 22,
            "column": 128
          }
        },
        "loc": {
          "start": {
            "line": 22,
            "column": 133
          },
          "end": {
            "line": 22,
            "column": 162
          }
        },
        "line": 22
      },
      "4": {
        "name": "(anonymous_4)",
        "decl": {
          "start": {
            "line": 62,
            "column": 9
          },
          "end": {
            "line": 62,
            "column": 10
          }
        },
        "loc": {
          "start": {
            "line": 62,
            "column": 29
          },
          "end": {
            "line": 71,
            "column": 3
          }
        },
        "line": 62
      },
      "5": {
        "name": "(anonymous_5)",
        "decl": {
          "start": {
            "line": 64,
            "column": 27
          },
          "end": {
            "line": 64,
            "column": 28
          }
        },
        "loc": {
          "start": {
            "line": 64,
            "column": 44
          },
          "end": {
            "line": 70,
            "column": 5
          }
        },
        "line": 64
      }
    },
    "branchMap": {
      "0": {
        "loc": {
          "start": {
            "line": 5,
            "column": 0
          },
          "end": {
            "line": 15,
            "column": 1
          }
        },
        "type": "if",
        "locations": [
          {
            "start": {
              "line": 5,
              "column": 0
            },
            "end": {
              "line": 15,
              "column": 1
            }
          },
          {
            "start": {},
            "end": {}
          }
        ],
        "line": 5
      },
      "1": {
        "loc": {
          "start": {
            "line": 6,
            "column": 2
          },
          "end": {
            "line": 8,
            "column": 3
          }
        },
        "type": "if",
        "locations": [
          {
            "start": {
              "line": 6,
              "column": 2
            },
            "end": {
              "line": 8,
              "column": 3
            }
          },
          {
            "start": {},
            "end": {}
          }
        ],
        "line": 6
      },
      "2": {
        "loc": {
          "start": {
            "line": 56,
            "column": 0
          },
          "end": {
            "line": 72,
            "column": 1
          }
        },
        "type": "if",
        "locations": [
          {
            "start": {
              "line": 56,
              "column": 0
            },
            "end": {
              "line": 72,
              "column": 1
            }
          },
          {
            "start": {},
            "end": {}
          }
        ],
        "line": 56
      },
      "3": {
        "loc": {
          "start": {
            "line": 65,
            "column": 6
          },
          "end": {
            "line": 66,
            "column": 15
          }
        },
        "type": "if",
        "locations": [
          {
            "start": {
              "line": 65,
              "column": 6
            },
            "end": {
              "line": 66,
              "column": 15
            }
          },
          {
            "start": {},
            "end": {}
          }
        ],
        "line": 65
      },
      "4": {
        "loc": {
          "start": {
            "line": 68,
            "column": 6
          },
          "end": {
            "line": 69,
            "column": 54
          }
        },
        "type": "if",
        "locations": [
          {
            "start": {
              "line": 68,
              "column": 6
            },
            "end": {
              "line": 69,
              "column": 54
            }
          },
          {
            "start": {},
            "end": {}
          }
        ],
        "line": 68
      }
    },
    "s": {
      "0": 3,
      "1": 3,
      "2": 0,
      "3": 3,
      "4": 3,
      "5": 3,
      "6": 3,
      "7": 3,
      "8": 1,
      "9": 0,
      "10": 0,
      "11": 3,
      "12": 3,
      "13": 3,
      "14": 3,
      "15": 3,
      "16": 3,
      "17": 3,
      "18": 3,
      "19": 0,
      "20": 0,
      "21": 0,
      "22": 0,
      "23": 0
    },
    "f": {
      "0": 3,
      "1": 1,
      "2": 0,
      "3": 0,
      "4": 3,
      "5": 0
    },
    "b": {
      "0": [
        3,
        0
      ],
      "1": [
        0,
        3
      ],
      "2": [
        3,
        0
      ],
      "3": [
        0,
        0
      ],
      "4": [
        0,
        0
      ]
    },
    "inputSourceMap": {
      "version": 3,
      "mappings": "AAoBU;AApBV,2BAAsB;AAAmB;AAAA;AAAA;AAAA;AAAA;AAAA;AAAA;AAAA;AAAA;AAAA;AAAA;AAAA;AAAA;AACzC,OAAOA,YAAY;AACnB,OAAOC,oBAAoB;AAE3B,SAASC,QAAQ;AAAA,EACfC;AAAAA,EACAC;AAIF,GAAG;AACD,SACE,uBAAC,SACC,MAAK,QACL,SAAS,MAAMA,iBAAiBD,KAAKE,MAAM,GAC3C,WAAWJ,eAAe,MAAMG,iBAAiBD,KAAKE,MAAM,CAAC,GAC7D,UAAU,GAEV,iCAAC,QAAG,aAAU,iBAAgB,WAAWL,OAAOM,MAC9C;AAAA,2BAAC,SAAI,WAAWN,OAAOO,MACrB,iCAAC,SAAI,KAAKJ,KAAKI,MAAM,KAAI,eAAzB;AAAA;AAAA;AAAA;AAAA,WAAoC,KADtC;AAAA;AAAA;AAAA;AAAA,WAEA;AAAA,IACA,uBAAC,UAAMJ,eAAKK,QAAZ;AAAA;AAAA;AAAA;AAAA,WAAiB;AAAA,IACjB,uBAAC,QAAG,aAAU,eAAeL,eAAKM,SAAlC;AAAA;AAAA;AAAA;AAAA,WAAwC;AAAA,OAL1C;AAAA;AAAA;AAAA;AAAA,SAMA,KAZF;AAAA;AAAA;AAAA;AAAA,SAaA;AAEJ;AAACC,KAvBQR;AAyBT,eAAeA;AAAQ;AAAAS",
      "names": [
        "styles",
        "filterKeyEnter",
        "Product",
        "book",
        "cardClickHandler",
        "isbn13",
        "item",
        "icon",
        "date",
        "title",
        "_c",
        "$RefreshReg$"
      ],
      "sources": [
        "C:/Users/croco/Desktop/coding/react-rs/react-rs/react-components/src/components/Product/Product.tsx"
      ],
      "file": "C:/Users/croco/Desktop/coding/react-rs/react-rs/react-components/src/components/Product/Product.tsx"
    },
    "_coverageSchema": "1a1c01bbd47fc00a2c39e90264f33305004495a9",
    "hash": "bfb03cfcb7a9eb36eb75ddce1c0a84e3570bde31"
  },
  "C:/Users/croco/Desktop/coding/react-rs/react-rs/react-components/src/components/UI/Modal/Modal.tsx": {
    "path": "C:/Users/croco/Desktop/coding/react-rs/react-rs/react-components/src/components/UI/Modal/Modal.tsx",
    "statementMap": {
      "0": {
        "start": {
          "line": 5,
          "column": 0
        },
        "end": {
          "line": 15,
          "column": 1
        }
      },
      "1": {
        "start": {
          "line": 6,
          "column": 2
        },
        "end": {
          "line": 8,
          "column": 3
        }
      },
      "2": {
        "start": {
          "line": 7,
          "column": 4
        },
        "end": {
          "line": 7,
          "column": 165
        }
      },
      "3": {
        "start": {
          "line": 9,
          "column": 2
        },
        "end": {
          "line": 9,
          "column": 39
        }
      },
      "4": {
        "start": {
          "line": 10,
          "column": 2
        },
        "end": {
          "line": 10,
          "column": 39
        }
      },
      "5": {
        "start": {
          "line": 11,
          "column": 2
        },
        "end": {
          "line": 13,
          "column": 4
        }
      },
      "6": {
        "start": {
          "line": 12,
          "column": 4
        },
        "end": {
          "line": 12,
          "column": 142
        }
      },
      "7": {
        "start": {
          "line": 14,
          "column": 2
        },
        "end": {
          "line": 14,
          "column": 75
        }
      },
      "8": {
        "start": {
          "line": 18,
          "column": 14
        },
        "end": {
          "line": 32,
          "column": 1
        }
      },
      "9": {
        "start": {
          "line": 23,
          "column": 2
        },
        "end": {
          "line": 31,
          "column": 11
        }
      },
      "10": {
        "start": {
          "line": 23,
          "column": 87
        },
        "end": {
          "line": 23,
          "column": 107
        }
      },
      "11": {
        "start": {
          "line": 23,
          "column": 138
        },
        "end": {
          "line": 23,
          "column": 159
        }
      },
      "12": {
        "start": {
          "line": 23,
          "column": 320
        },
        "end": {
          "line": 23,
          "column": 340
        }
      },
      "13": {
        "start": {
          "line": 23,
          "column": 372
        },
        "end": {
          "line": 23,
          "column": 391
        }
      },
      "14": {
        "start": {
          "line": 23,
          "column": 511
        },
        "end": {
          "line": 23,
          "column": 513
        }
      },
      "15": {
        "start": {
          "line": 33,
          "column": 0
        },
        "end": {
          "line": 33,
          "column": 11
        }
      },
      "16": {
        "start": {
          "line": 36,
          "column": 0
        },
        "end": {
          "line": 36,
          "column": 26
        }
      },
      "17": {
        "start": {
          "line": 37,
          "column": 0
        },
        "end": {
          "line": 53,
          "column": 1
        }
      },
      "18": {
        "start": {
          "line": 38,
          "column": 2
        },
        "end": {
          "line": 38,
          "column": 39
        }
      },
      "19": {
        "start": {
          "line": 39,
          "column": 2
        },
        "end": {
          "line": 39,
          "column": 39
        }
      },
      "20": {
        "start": {
          "line": 40,
          "column": 2
        },
        "end": {
          "line": 52,
          "column": 5
        }
      },
      "21": {
        "start": {
          "line": 44,
          "column": 4
        },
        "end": {
          "line": 44,
          "column": 168
        }
      },
      "22": {
        "start": {
          "line": 45,
          "column": 4
        },
        "end": {
          "line": 51,
          "column": 7
        }
      },
      "23": {
        "start": {
          "line": 46,
          "column": 6
        },
        "end": {
          "line": 47,
          "column": 15
        }
      },
      "24": {
        "start": {
          "line": 47,
          "column": 8
        },
        "end": {
          "line": 47,
          "column": 15
        }
      },
      "25": {
        "start": {
          "line": 48,
          "column": 32
        },
        "end": {
          "line": 48,
          "column": 115
        }
      },
      "26": {
        "start": {
          "line": 49,
          "column": 6
        },
        "end": {
          "line": 50,
          "column": 54
        }
      },
      "27": {
        "start": {
          "line": 50,
          "column": 8
        },
        "end": {
          "line": 50,
          "column": 54
        }
      }
    },
    "fnMap": {
      "0": {
        "name": "(anonymous_0)",
        "decl": {
          "start": {
            "line": 11,
            "column": 24
          },
          "end": {
            "line": 11,
            "column": 25
          }
        },
        "loc": {
          "start": {
            "line": 11,
            "column": 38
          },
          "end": {
            "line": 13,
            "column": 3
          }
        },
        "line": 11
      },
      "1": {
        "name": "(anonymous_1)",
        "decl": {
          "start": {
            "line": 18,
            "column": 14
          },
          "end": {
            "line": 18,
            "column": 15
          }
        },
        "loc": {
          "start": {
            "line": 22,
            "column": 6
          },
          "end": {
            "line": 32,
            "column": 1
          }
        },
        "line": 22
      },
      "2": {
        "name": "(anonymous_2)",
        "decl": {
          "start": {
            "line": 23,
            "column": 81
          },
          "end": {
            "line": 23,
            "column": 82
          }
        },
        "loc": {
          "start": {
            "line": 23,
            "column": 87
          },
          "end": {
            "line": 23,
            "column": 107
          }
        },
        "line": 23
      },
      "3": {
        "name": "(anonymous_3)",
        "decl": {
          "start": {
            "line": 23,
            "column": 132
          },
          "end": {
            "line": 23,
            "column": 133
          }
        },
        "loc": {
          "start": {
            "line": 23,
            "column": 138
          },
          "end": {
            "line": 23,
            "column": 159
          }
        },
        "line": 23
      },
      "4": {
        "name": "(anonymous_4)",
        "decl": {
          "start": {
            "line": 23,
            "column": 314
          },
          "end": {
            "line": 23,
            "column": 315
          }
        },
        "loc": {
          "start": {
            "line": 23,
            "column": 320
          },
          "end": {
            "line": 23,
            "column": 340
          }
        },
        "line": 23
      },
      "5": {
        "name": "(anonymous_5)",
        "decl": {
          "start": {
            "line": 23,
            "column": 365
          },
          "end": {
            "line": 23,
            "column": 366
          }
        },
        "loc": {
          "start": {
            "line": 23,
            "column": 372
          },
          "end": {
            "line": 23,
            "column": 391
          }
        },
        "line": 23
      },
      "6": {
        "name": "(anonymous_6)",
        "decl": {
          "start": {
            "line": 23,
            "column": 503
          },
          "end": {
            "line": 23,
            "column": 504
          }
        },
        "loc": {
          "start": {
            "line": 23,
            "column": 511
          },
          "end": {
            "line": 23,
            "column": 513
          }
        },
        "line": 23
      },
      "7": {
        "name": "(anonymous_7)",
        "decl": {
          "start": {
            "line": 43,
            "column": 9
          },
          "end": {
            "line": 43,
            "column": 10
          }
        },
        "loc": {
          "start": {
            "line": 43,
            "column": 29
          },
          "end": {
            "line": 52,
            "column": 3
          }
        },
        "line": 43
      },
      "8": {
        "name": "(anonymous_8)",
        "decl": {
          "start": {
            "line": 45,
            "column": 27
          },
          "end": {
            "line": 45,
            "column": 28
          }
        },
        "loc": {
          "start": {
            "line": 45,
            "column": 44
          },
          "end": {
            "line": 51,
            "column": 5
          }
        },
        "line": 45
      }
    },
    "branchMap": {
      "0": {
        "loc": {
          "start": {
            "line": 5,
            "column": 0
          },
          "end": {
            "line": 15,
            "column": 1
          }
        },
        "type": "if",
        "locations": [
          {
            "start": {
              "line": 5,
              "column": 0
            },
            "end": {
              "line": 15,
              "column": 1
            }
          },
          {
            "start": {},
            "end": {}
          }
        ],
        "line": 5
      },
      "1": {
        "loc": {
          "start": {
            "line": 6,
            "column": 2
          },
          "end": {
            "line": 8,
            "column": 3
          }
        },
        "type": "if",
        "locations": [
          {
            "start": {
              "line": 6,
              "column": 2
            },
            "end": {
              "line": 8,
              "column": 3
            }
          },
          {
            "start": {},
            "end": {}
          }
        ],
        "line": 6
      },
      "2": {
        "loc": {
          "start": {
            "line": 23,
            "column": 172
          },
          "end": {
            "line": 23,
            "column": 230
          }
        },
        "type": "cond-expr",
        "locations": [
          {
            "start": {
              "line": 23,
              "column": 181
            },
            "end": {
              "line": 23,
              "column": 215
            }
          },
          {
            "start": {
              "line": 23,
              "column": 218
            },
            "end": {
              "line": 23,
              "column": 230
            }
          }
        ],
        "line": 23
      },
      "3": {
        "loc": {
          "start": {
            "line": 23,
            "column": 404
          },
          "end": {
            "line": 23,
            "column": 466
          }
        },
        "type": "cond-expr",
        "locations": [
          {
            "start": {
              "line": 23,
              "column": 413
            },
            "end": {
              "line": 23,
              "column": 449
            }
          },
          {
            "start": {
              "line": 23,
              "column": 452
            },
            "end": {
              "line": 23,
              "column": 466
            }
          }
        ],
        "line": 23
      },
      "4": {
        "loc": {
          "start": {
            "line": 23,
            "column": 478
          },
          "end": {
            "line": 23,
            "column": 514
          }
        },
        "type": "binary-expr",
        "locations": [
          {
            "start": {
              "line": 23,
              "column": 478
            },
            "end": {
              "line": 23,
              "column": 486
            }
          },
          {
            "start": {
              "line": 23,
              "column": 490
            },
            "end": {
              "line": 23,
              "column": 514
            }
          }
        ],
        "line": 23
      },
      "5": {
        "loc": {
          "start": {
            "line": 37,
            "column": 0
          },
          "end": {
            "line": 53,
            "column": 1
          }
        },
        "type": "if",
        "locations": [
          {
            "start": {
              "line": 37,
              "column": 0
            },
            "end": {
              "line": 53,
              "column": 1
            }
          },
          {
            "start": {},
            "end": {}
          }
        ],
        "line": 37
      },
      "6": {
        "loc": {
          "start": {
            "line": 46,
            "column": 6
          },
          "end": {
            "line": 47,
            "column": 15
          }
        },
        "type": "if",
        "locations": [
          {
            "start": {
              "line": 46,
              "column": 6
            },
            "end": {
              "line": 47,
              "column": 15
            }
          },
          {
            "start": {},
            "end": {}
          }
        ],
        "line": 46
      },
      "7": {
        "loc": {
          "start": {
            "line": 49,
            "column": 6
          },
          "end": {
            "line": 50,
            "column": 54
          }
        },
        "type": "if",
        "locations": [
          {
            "start": {
              "line": 49,
              "column": 6
            },
            "end": {
              "line": 50,
              "column": 54
            }
          },
          {
            "start": {},
            "end": {}
          }
        ],
        "line": 49
      }
    },
    "s": {
      "0": 3,
      "1": 3,
      "2": 0,
      "3": 3,
      "4": 3,
      "5": 3,
      "6": 3,
      "7": 3,
      "8": 3,
      "9": 1,
      "10": 0,
      "11": 0,
      "12": 0,
      "13": 0,
      "14": 0,
      "15": 3,
      "16": 3,
      "17": 3,
      "18": 3,
      "19": 3,
      "20": 3,
      "21": 3,
      "22": 3,
      "23": 0,
      "24": 0,
      "25": 0,
      "26": 0,
      "27": 0
    },
    "f": {
      "0": 3,
      "1": 1,
      "2": 0,
      "3": 0,
      "4": 0,
      "5": 0,
      "6": 0,
      "7": 3,
      "8": 0
    },
    "b": {
      "0": [
        3,
        0
      ],
      "1": [
        0,
        3
      ],
      "2": [
        0,
        1
      ],
      "3": [
        0,
        1
      ],
      "4": [
        1,
        0
      ],
      "5": [
        3,
        0
      ],
      "6": [
        0,
        0
      ],
      "7": [
        0,
        0
      ]
    },
    "inputSourceMap": {
      "version": 3,
      "mappings": "AAiBM;AAjBN,2BAA0B;AAAA;AAAA;AAAA;AAAA;AAAA;AAAA;AAAA;AAAA;AAAA;AAAA;AAAA;AAAA;AAAA;AAC1B,OAAOA,YAAY;AACnB,OAAOC,oBAAoB;AAE3B,MAAMC,QAIDA,CAAC;AAAA,EAAEC;AAAAA,EAAgBC;AAAAA,EAAQC;AAAS,MAAM;AAC7C,SACE,uBAAC,SACC,MAAK,QACL,WAAWJ,eAAe,MAAME,eAAe,IAAI,CAAC,GACpD,UAAU,GACV,SAAS,MAAMA,eAAe,KAAK,GACnC,WAAWC,SAAU,GAAEJ,OAAOM,SAASN,OAAOI,WAAWJ,OAAOM,OAEhE,iCAAC,SACC,MAAK,QACL,WAAWL,eAAe,MAAME,eAAe,IAAI,CAAC,GACpD,UAAU,GACV,SAAUI,OAAMA,EAAEC,gBAAe,GACjC,WACEJ,SAAU,GAAEJ,OAAOS,WAAWT,OAAOI,WAAWJ,OAAOS,SAGxDJ,sBAAYA,SAASK,IAAKC,QAAOA,EAAE,KATtC;AAAA;AAAA;AAAA;AAAA,SAUA,KAjBF;AAAA;AAAA;AAAA;AAAA,SAkBA;AAEJ;AAAEC,KA1BIV;AA4BN,eAAeA;AAAM;AAAAW",
      "names": [
        "styles",
        "filterKeyEnter",
        "Modal",
        "setModalActive",
        "active",
        "children",
        "modal",
        "e",
        "stopPropagation",
        "content",
        "map",
        "el",
        "_c",
        "$RefreshReg$"
      ],
      "sources": [
        "C:/Users/croco/Desktop/coding/react-rs/react-rs/react-components/src/components/UI/Modal/Modal.tsx"
      ],
      "file": "C:/Users/croco/Desktop/coding/react-rs/react-rs/react-components/src/components/UI/Modal/Modal.tsx"
    },
    "_coverageSchema": "1a1c01bbd47fc00a2c39e90264f33305004495a9",
    "hash": "6d0ecdd16373f8044faf6c03b62d326d2ff752fc"
  },
  "C:/Users/croco/Desktop/coding/react-rs/react-rs/react-components/src/components/ModalBook/ModalBook.tsx": {
    "path": "C:/Users/croco/Desktop/coding/react-rs/react-rs/react-components/src/components/ModalBook/ModalBook.tsx",
    "statementMap": {
      "0": {
        "start": {
          "line": 5,
          "column": 0
        },
        "end": {
          "line": 15,
          "column": 1
        }
      },
      "1": {
        "start": {
          "line": 6,
          "column": 2
        },
        "end": {
          "line": 8,
          "column": 3
        }
      },
      "2": {
        "start": {
          "line": 7,
          "column": 4
        },
        "end": {
          "line": 7,
          "column": 165
        }
      },
      "3": {
        "start": {
          "line": 9,
          "column": 2
        },
        "end": {
          "line": 9,
          "column": 39
        }
      },
      "4": {
        "start": {
          "line": 10,
          "column": 2
        },
        "end": {
          "line": 10,
          "column": 39
        }
      },
      "5": {
        "start": {
          "line": 11,
          "column": 2
        },
        "end": {
          "line": 13,
          "column": 4
        }
      },
      "6": {
        "start": {
          "line": 12,
          "column": 4
        },
        "end": {
          "line": 12,
          "column": 147
        }
      },
      "7": {
        "start": {
          "line": 14,
          "column": 2
        },
        "end": {
          "line": 14,
          "column": 75
        }
      },
      "8": {
        "start": {
          "line": 18,
          "column": 18
        },
        "end": {
          "line": 82,
          "column": 1
        }
      },
      "9": {
        "start": {
          "line": 23,
          "column": 2
        },
        "end": {
          "line": 81,
          "column": 11
        }
      },
      "10": {
        "start": {
          "line": 64,
          "column": 70
        },
        "end": {
          "line": 64,
          "column": 91
        }
      },
      "11": {
        "start": {
          "line": 83,
          "column": 0
        },
        "end": {
          "line": 83,
          "column": 15
        }
      },
      "12": {
        "start": {
          "line": 86,
          "column": 0
        },
        "end": {
          "line": 86,
          "column": 30
        }
      },
      "13": {
        "start": {
          "line": 87,
          "column": 0
        },
        "end": {
          "line": 103,
          "column": 1
        }
      },
      "14": {
        "start": {
          "line": 88,
          "column": 2
        },
        "end": {
          "line": 88,
          "column": 39
        }
      },
      "15": {
        "start": {
          "line": 89,
          "column": 2
        },
        "end": {
          "line": 89,
          "column": 39
        }
      },
      "16": {
        "start": {
          "line": 90,
          "column": 2
        },
        "end": {
          "line": 102,
          "column": 5
        }
      },
      "17": {
        "start": {
          "line": 94,
          "column": 4
        },
        "end": {
          "line": 94,
          "column": 173
        }
      },
      "18": {
        "start": {
          "line": 95,
          "column": 4
        },
        "end": {
          "line": 101,
          "column": 7
        }
      },
      "19": {
        "start": {
          "line": 96,
          "column": 6
        },
        "end": {
          "line": 97,
          "column": 15
        }
      },
      "20": {
        "start": {
          "line": 97,
          "column": 8
        },
        "end": {
          "line": 97,
          "column": 15
        }
      },
      "21": {
        "start": {
          "line": 98,
          "column": 32
        },
        "end": {
          "line": 98,
          "column": 115
        }
      },
      "22": {
        "start": {
          "line": 99,
          "column": 6
        },
        "end": {
          "line": 100,
          "column": 54
        }
      },
      "23": {
        "start": {
          "line": 100,
          "column": 8
        },
        "end": {
          "line": 100,
          "column": 54
        }
      }
    },
    "fnMap": {
      "0": {
        "name": "(anonymous_0)",
        "decl": {
          "start": {
            "line": 11,
            "column": 24
          },
          "end": {
            "line": 11,
            "column": 25
          }
        },
        "loc": {
          "start": {
            "line": 11,
            "column": 38
          },
          "end": {
            "line": 13,
            "column": 3
          }
        },
        "line": 11
      },
      "1": {
        "name": "(anonymous_1)",
        "decl": {
          "start": {
            "line": 18,
            "column": 18
          },
          "end": {
            "line": 18,
            "column": 19
          }
        },
        "loc": {
          "start": {
            "line": 22,
            "column": 6
          },
          "end": {
            "line": 82,
            "column": 1
          }
        },
        "line": 22
      },
      "2": {
        "name": "(anonymous_2)",
        "decl": {
          "start": {
            "line": 64,
            "column": 64
          },
          "end": {
            "line": 64,
            "column": 65
          }
        },
        "loc": {
          "start": {
            "line": 64,
            "column": 70
          },
          "end": {
            "line": 64,
            "column": 91
          }
        },
        "line": 64
      },
      "3": {
        "name": "(anonymous_3)",
        "decl": {
          "start": {
            "line": 93,
            "column": 9
          },
          "end": {
            "line": 93,
            "column": 10
          }
        },
        "loc": {
          "start": {
            "line": 93,
            "column": 29
          },
          "end": {
            "line": 102,
            "column": 3
          }
        },
        "line": 93
      },
      "4": {
        "name": "(anonymous_4)",
        "decl": {
          "start": {
            "line": 95,
            "column": 27
          },
          "end": {
            "line": 95,
            "column": 28
          }
        },
        "loc": {
          "start": {
            "line": 95,
            "column": 44
          },
          "end": {
            "line": 101,
            "column": 5
          }
        },
        "line": 95
      }
    },
    "branchMap": {
      "0": {
        "loc": {
          "start": {
            "line": 5,
            "column": 0
          },
          "end": {
            "line": 15,
            "column": 1
          }
        },
        "type": "if",
        "locations": [
          {
            "start": {
              "line": 5,
              "column": 0
            },
            "end": {
              "line": 15,
              "column": 1
            }
          },
          {
            "start": {},
            "end": {}
          }
[...]
          }
        },
        "line": 20
      },
      "2": {
        "name": "(anonymous_2)",
        "decl": {
          "start": {
            "line": 22,
            "column": 33
          },
          "end": {
            "line": 22,
            "column": 34
          }
        },
        "loc": {
          "start": {
            "line": 22,
            "column": 44
          },
          "end": {
            "line": 22,
            "column": 63
          }
        },
        "line": 22
      },
      "3": {
        "name": "(anonymous_3)",
        "decl": {
          "start": {
            "line": 40,
            "column": 52
          },
          "end": {
            "line": 40,
            "column": 53
          }
        },
        "loc": {
          "start": {
            "line": 40,
            "column": 63
          },
          "end": {
            "line": 42,
            "column": 1
          }
        },
        "line": 40
      },
      "4": {
        "name": "(anonymous_4)",
        "decl": {
          "start": {
            "line": 53,
            "column": 9
          },
          "end": {
            "line": 53,
            "column": 10
          }
        },
        "loc": {
          "start": {
            "line": 53,
            "column": 29
          },
          "end": {
            "line": 62,
            "column": 3
          }
        },
        "line": 53
      },
      "5": {
        "name": "(anonymous_5)",
        "decl": {
          "start": {
            "line": 55,
            "column": 27
          },
          "end": {
            "line": 55,
            "column": 28
          }
        },
        "loc": {
          "start": {
            "line": 55,
            "column": 44
          },
          "end": {
            "line": 61,
            "column": 5
          }
        },
        "line": 55
      }
    },
    "branchMap": {
      "0": {
        "loc": {
          "start": {
            "line": 5,
            "column": 0
          },
          "end": {
            "line": 15,
            "column": 1
          }
        },
        "type": "if",
        "locations": [
          {
            "start": {
              "line": 5,
              "column": 0
            },
            "end": {
              "line": 15,
              "column": 1
            }
          },
          {
            "start": {},
            "end": {}
          }
        ],
        "line": 5
      },
      "1": {
        "loc": {
          "start": {
            "line": 6,
            "column": 2
          },
          "end": {
            "line": 8,
            "column": 3
          }
        },
        "type": "if",
        "locations": [
          {
            "start": {
              "line": 6,
              "column": 2
            },
            "end": {
              "line": 8,
              "column": 3
            }
          },
          {
            "start": {},
            "end": {}
          }
        ],
        "line": 6
      },
      "2": {
        "loc": {
          "start": {
            "line": 29,
            "column": 4
          },
          "end": {
            "line": 33,
            "column": 12
          }
        },
        "type": "binary-expr",
        "locations": [
          {
            "start": {
              "line": 29,
              "column": 4
            },
            "end": {
              "line": 29,
              "column": 22
            }
          },
          {
            "start": {
              "line": 29,
              "column": 42
            },
            "end": {
              "line": 33,
              "column": 12
            }
          }
        ],
        "line": 29
      },
      "3": {
        "loc": {
          "start": {
            "line": 47,
            "column": 0
          },
          "end": {
            "line": 63,
            "column": 1
          }
        },
        "type": "if",
        "locations": [
          {
            "start": {
              "line": 47,
              "column": 0
            },
            "end": {
              "line": 63,
              "column": 1
            }
          },
          {
            "start": {},
            "end": {}
          }
        ],
        "line": 47
      },
      "4": {
        "loc": {
          "start": {
            "line": 56,
            "column": 6
          },
          "end": {
            "line": 57,
            "column": 15
          }
        },
        "type": "if",
        "locations": [
          {
            "start": {
              "line": 56,
              "column": 6
            },
            "end": {
              "line": 57,
              "column": 15
            }
          },
          {
            "start": {},
            "end": {}
          }
        ],
        "line": 56
      },
      "5": {
        "loc": {
          "start": {
            "line": 59,
            "column": 6
          },
          "end": {
            "line": 60,
            "column": 54
          }
        },
        "type": "if",
        "locations": [
          {
            "start": {
              "line": 59,
              "column": 6
            },
            "end": {
              "line": 60,
              "column": 54
            }
          },
          {
            "start": {},
            "end": {}
          }
        ],
        "line": 59
      }
    },
    "s": {
      "0": 3,
      "1": 3,
      "2": 0,
      "3": 3,
      "4": 3,
      "5": 3,
      "6": 3,
      "7": 3,
      "8": 3,
      "9": 3,
      "10": 4,
      "11": 4,
      "12": 5,
      "13": 4,
      "14": 3,
      "15": 3,
      "16": 3,
      "17": 3,
      "18": 3,
      "19": 3,
      "20": 3,
      "21": 3,
      "22": 3,
      "23": 3,
      "24": 0,
      "25": 0,
      "26": 0,
      "27": 0,
      "28": 0
    },
    "f": {
      "0": 3,
      "1": 4,
      "2": 5,
      "3": 3,
      "4": 3,
      "5": 0
    },
    "b": {
      "0": [
        3,
        0
      ],
      "1": [
        0,
        3
      ],
      "2": [
        4,
        1
      ],
      "3": [
        3,
        0
      ],
      "4": [
        0,
        0
      ],
      "5": [
        0,
        0
      ]
    },
    "inputSourceMap": {
      "version": 3,
      "mappings": "AAUM;;;;;;;;;;;;;;;;AATN,OAAOA,UAAU;AACjB,OAAOC,cAAc;AACrB,SAASC,sBAAsB;AAE/B,MAAMC,WAAeA,MAAM;AAAAC;AACzB,QAAMC,UAAUH,eAAgBI,WAAUA,MAAMD,QAAQE,KAAK;AAE7D,SACE,uBAAC,SACC;AAAA,2BAAC,UAAD;AAAA;AAAA;AAAA;AAAA,WAAK;AAAA,IACJF,QAAQG,SAAS,KAAK,uBAAC,YAAS,OAAOH,WAAjB;AAAA;AAAA;AAAA;AAAA,WAAyB;AAAA,OAFlD;AAAA;AAAA;AAAA;AAAA,SAGA;AAEJ;AAAED,GATID,UAAY;AAAA,UACAD,cAAc;AAAA;AAAAO,KAD1BN;AAWN,eAAeA;AAAS;AAAAO",
      "names": [
        "Form",
        "CardList",
        "useAppSelector",
        "FormPage",
        "_s",
        "myBooks",
        "state",
        "books",
        "length",
        "_c",
        "$RefreshReg$"
      ],
      "sources": [
        "C:/Users/croco/Desktop/coding/react-rs/react-rs/react-components/src/pages/FormPage/FormPage.tsx"
      ],
      "file": "C:/Users/croco/Desktop/coding/react-rs/react-rs/react-components/src/pages/FormPage/FormPage.tsx"
    },
    "_coverageSchema": "1a1c01bbd47fc00a2c39e90264f33305004495a9",
    "hash": "cbddbc8fc494d1c52738141febd1f2a9007fc542"
  },
  "C:/Users/croco/Desktop/coding/react-rs/react-rs/react-components/src/App.tsx": {
    "path": "C:/Users/croco/Desktop/coding/react-rs/react-rs/react-components/src/App.tsx",
    "statementMap": {
      "0": {
        "start": {
          "line": 5,
          "column": 0
        },
        "end": {
          "line": 15,
          "column": 1
        }
      },
      "1": {
        "start": {
          "line": 6,
          "column": 2
        },
        "end": {
          "line": 8,
          "column": 3
        }
      },
      "2": {
        "start": {
          "line": 7,
          "column": 4
        },
        "end": {
          "line": 7,
          "column": 165
        }
      },
      "3": {
        "start": {
          "line": 9,
          "column": 2
        },
        "end": {
          "line": 9,
          "column": 39
        }
      },
      "4": {
        "start": {
          "line": 10,
          "column": 2
        },
        "end": {
          "line": 10,
          "column": 39
        }
      },
      "5": {
        "start": {
          "line": 11,
          "column": 2
        },
        "end": {
          "line": 13,
          "column": 4
        }
      },
      "6": {
        "start": {
          "line": 12,
          "column": 4
        },
        "end": {
          "line": 12,
          "column": 120
        }
      },
      "7": {
        "start": {
          "line": 14,
          "column": 2
        },
        "end": {
          "line": 14,
          "column": 75
        }
      },
      "8": {
        "start": {
          "line": 25,
          "column": 2
        },
        "end": {
          "line": 78,
          "column": 11
        }
      },
      "9": {
        "start": {
          "line": 80,
          "column": 0
        },
        "end": {
          "line": 80,
          "column": 9
        }
      },
      "10": {
        "start": {
          "line": 83,
          "column": 0
        },
        "end": {
          "line": 83,
          "column": 24
        }
      },
      "11": {
        "start": {
          "line": 84,
          "column": 0
        },
        "end": {
          "line": 100,
          "column": 1
        }
      },
      "12": {
        "start": {
          "line": 85,
          "column": 2
        },
        "end": {
          "line": 85,
          "column": 39
        }
      },
      "13": {
        "start": {
          "line": 86,
          "column": 2
        },
        "end": {
          "line": 86,
          "column": 39
        }
      },
      "14": {
        "start": {
          "line": 87,
          "column": 2
        },
        "end": {
          "line": 99,
          "column": 5
        }
      },
      "15": {
        "start": {
          "line": 91,
          "column": 4
        },
        "end": {
          "line": 91,
          "column": 146
        }
      },
      "16": {
        "start": {
          "line": 92,
          "column": 4
        },
        "end": {
          "line": 98,
          "column": 7
        }
      },
      "17": {
        "start": {
          "line": 93,
          "column": 6
        },
        "end": {
          "line": 94,
          "column": 15
        }
      },
      "18": {
        "start": {
          "line": 94,
          "column": 8
        },
        "end": {
          "line": 94,
          "column": 15
        }
      },
      "19": {
        "start": {
          "line": 95,
          "column": 32
        },
        "end": {
          "line": 95,
          "column": 115
        }
      },
      "20": {
        "start": {
          "line": 96,
          "column": 6
        },
        "end": {
          "line": 97,
          "column": 54
        }
      },
      "21": {
        "start": {
          "line": 97,
          "column": 8
        },
        "end": {
          "line": 97,
          "column": 54
        }
      }
    },
    "fnMap": {
      "0": {
        "name": "(anonymous_0)",
        "decl": {
          "start": {
            "line": 11,
            "column": 24
          },
          "end": {
            "line": 11,
            "column": 25
          }
        },
        "loc": {
          "start": {
            "line": 11,
            "column": 38
          },
          "end": {
            "line": 13,
            "column": 3
          }
        },
        "line": 11
      },
      "1": {
        "name": "App",
        "decl": {
          "start": {
            "line": 24,
            "column": 9
          },
          "end": {
            "line": 24,
            "column": 12
          }
        },
        "loc": {
          "start": {
            "line": 24,
            "column": 15
          },
          "end": {
            "line": 79,
            "column": 1
          }
        },
        "line": 24
      },
      "2": {
        "name": "(anonymous_2)",
        "decl": {
          "start": {
            "line": 90,
            "column": 9
          },
          "end": {
            "line": 90,
            "column": 10
          }
        },
        "loc": {
          "start": {
            "line": 90,
            "column": 29
          },
          "end": {
            "line": 99,
            "column": 3
          }
        },
        "line": 90
      },
      "3": {
        "name": "(anonymous_3)",
        "decl": {
          "start": {
            "line": 92,
            "column": 27
          },
          "end": {
            "line": 92,
            "column": 28
          }
        },
        "loc": {
          "start": {
            "line": 92,
            "column": 44
          },
          "end": {
            "line": 98,
            "column": 5
          }
        },
        "line": 92
      }
    },
    "branchMap": {
      "0": {
        "loc": {
          "start": {
            "line": 5,
            "column": 0
          },
          "end": {
            "line": 15,
            "column": 1
          }
        },
        "type": "if",
        "locations": [
          {
            "start": {
              "line": 5,
              "column": 0
            },
            "end": {
              "line": 15,
              "column": 1
            }
          },
          {
            "start": {},
            "end": {}
          }
        ],
        "line": 5
      },
      "1": {
        "loc": {
          "start": {
            "line": 6,
            "column": 2
          },
          "end": {
            "line": 8,
            "column": 3
          }
        },
        "type": "if",
        "locations": [
          {
            "start": {
              "line": 6,
              "column": 2
            },
            "end": {
              "line": 8,
              "column": 3
            }
          },
          {
            "start": {},
            "end": {}
          }
        ],
        "line": 6
      },
      "2": {
        "loc": {
          "start": {
            "line": 84,
            "column": 0
          },
          "end": {
            "line": 100,
            "column": 1
          }
        },
        "type": "if",
        "locations": [
          {
            "start": {
              "line": 84,
              "column": 0
            },
            "end": {
              "line": 100,
              "column": 1
            }
          },
          {
            "start": {},
            "end": {}
          }
        ],
        "line": 84
      },
      "3": {
        "loc": {
          "start": {
            "line": 93,
            "column": 6
          },
          "end": {
            "line": 94,
            "column": 15
          }
        },
        "type": "if",
        "locations": [
          {
            "start": {
              "line": 93,
              "column": 6
            },
            "end": {
              "line": 94,
              "column": 15
            }
          },
          {
            "start": {},
            "end": {}
          }
        ],
        "line": 93
      },
      "4": {
        "loc": {
          "start": {
            "line": 96,
            "column": 6
          },
          "end": {
            "line": 97,
            "column": 54
          }
        },
        "type": "if",
        "locations": [
          {
            "start": {
              "line": 96,
              "column": 6
            },
            "end": {
              "line": 97,
              "column": 54
            }
          },
          {
            "start": {},
            "end": {}
          }
        ],
        "line": 96
      }
    },
    "s": {
      "0": 3,
      "1": 3,
      "2": 0,
      "3": 3,
      "4": 3,
      "5": 3,
      "6": 3,
      "7": 3,
      "8": 3,
      "9": 3,
      "10": 3,
      "11": 3,
      "12": 3,
      "13": 3,
      "14": 3,
      "15": 3,
      "16": 3,
      "17": 0,
      "18": 0,
      "19": 0,
      "20": 0,
      "21": 0
    },
    "f": {
      "0": 3,
      "1": 3,
      "2": 3,
      "3": 0
    },
    "b": {
      "0": [
        3,
        0
      ],
      "1": [
        0,
        3
      ],
      "2": [
        3,
        0
      ],
      "3": [
        0,
        0
      ],
      "4": [
        0,
        0
      ]
    },
    "inputSourceMap": {
      "version": 3,
      "mappings": "AAaiC;AAbjC,2BAAsB;AAAQ,IAAkB;AAAA;AAAA;AAAA;AAAA;AAAA;AAAA;AAAA;AAAA;AAAA;AAAA;AAAA;AAAA;AAAA;AAChD,OAAOA,WAAW;AAClB,OAAOC,aAAa;AACpB,OAAOC,cAAc;AACrB,OAAOC,gBAAgB;AACvB,OAAOC,cAAc;AACrB,OAAO;AACP,OAAO;AAEP,SAASC,MAAM;AACb,SACE,uBAAC,SAAI,WAAU,OACb,iCAAC,UACC,iCAAC,SAAM,MAAK,KAAI,SAAS,uBAAC,gBAAD;AAAA;AAAA;AAAA;AAAA,SAAW,GAClC;AAAA,2BAAC,SAAM,OAAK,MAAC,SAAS,uBAAC,aAAD;AAAA;AAAA;AAAA;AAAA,WAAQ,KAA9B;AAAA;AAAA;AAAA;AAAA,WAAkC;AAAA,IAClC,uBAAC,SAAM,MAAK,UAAS,SAAS,uBAAC,WAAD;AAAA;AAAA;AAAA;AAAA,WAAM,KAApC;AAAA;AAAA;AAAA;AAAA,WAAwC;AAAA,IACxC,uBAAC,SAAM,MAAK,SAAQ,SAAS,uBAAC,cAAD;AAAA;AAAA;AAAA;AAAA,WAAS,KAAtC;AAAA;AAAA;AAAA;AAAA,WAA0C;AAAA,IAC1C,uBAAC,SAAM,MAAK,MAAK,SAAS,uBAAC,cAAD;AAAA;AAAA;AAAA;AAAA,WAAS,KAAnC;AAAA;AAAA;AAAA;AAAA,WAAuC;AAAA,OAJzC;AAAA;AAAA;AAAA;AAAA,SAKA,KANF;AAAA;AAAA;AAAA;AAAA,SAOA,KARF;AAAA;AAAA;AAAA;AAAA,SASA;AAEJ;AAACC,KAbQD;AAeT,eAAeA;AAAI;AAAAE",
      "names": [
        "About",
        "Catalog",
        "NotFound",
        "MainLayout",
        "FormPage",
        "App",
        "_c",
        "$RefreshReg$"
      ],
      "sources": [
        "C:/Users/croco/Desktop/coding/react-rs/react-rs/react-components/src/App.tsx"
      ],
      "file": "C:/Users/croco/Desktop/coding/react-rs/react-rs/react-components/src/App.tsx"
    },
    "_coverageSchema": "1a1c01bbd47fc00a2c39e90264f33305004495a9",
    "hash": "f7deca92c5553f6b937085d1020d466d084d0d66"
  },
  "C:/Users/croco/Desktop/coding/react-rs/react-rs/react-components/src/entry-client.tsx": {
    "path": "C:/Users/croco/Desktop/coding/react-rs/react-rs/react-components/src/entry-client.tsx",
    "statementMap": {
      "0": {
        "start": {
          "line": 7,
          "column": 14
        },
        "end": {
          "line": 7,
          "column": 48
        }
      },
      "1": {
        "start": {
          "line": 8,
          "column": 0
        },
        "end": {
          "line": 8,
          "column": 30
        }
      },
      "2": {
        "start": {
          "line": 9,
          "column": 18
        },
        "end": {
          "line": 9,
          "column": 49
        }
      },
      "3": {
        "start": {
          "line": 10,
          "column": 0
        },
        "end": {
          "line": 22,
          "column": 10
        }
      }
    },
    "fnMap": {},
    "branchMap": {},
    "s": {
      "0": 3,
      "1": 3,
      "2": 3,
      "3": 3
    },
    "f": {},
    "b": {},
    "inputSourceMap": {
      "version": 3,
      "mappings": "AAgBM;AAhBN,SAASA,mBAAmB;AAC5B,SAASC,qBAAqB;AAC9B,SAASC,gBAAgB;AACzB,SAASC,kBAAkB;AAC3B,OAAOC,SAAS;AAEhB,MAAMC,QAAQF,WAAWG,OAAOC,eAAe;AAE/C,OAAOD,OAAOC;AAEd,MAAMC,YAAYC,SAASC,eAAe,MAAM;AAEhDV,YACEQ,WACA,uBAAC,iBACC,iCAAC,YAAS,OACR,iCAAC,SAAD;AAAA;AAAA;AAAA;AAAA,OAAI,KADN;AAAA;AAAA;AAAA;AAAA,OAEA,KAHF;AAAA;AAAA;AAAA;AAAA,OAIA,CAAgB",
      "names": [
        "hydrateRoot",
        "BrowserRouter",
        "Provider",
        "setupStore",
        "App",
        "store",
        "window",
        "PRELOADED_STATE",
        "container",
        "document",
        "getElementById"
      ],
      "sources": [
        "C:/Users/croco/Desktop/coding/react-rs/react-rs/react-components/src/entry-client.tsx"
      ],
      "file": "C:/Users/croco/Desktop/coding/react-rs/react-rs/react-components/src/entry-client.tsx"
    },
    "_coverageSchema": "1a1c01bbd47fc00a2c39e90264f33305004495a9",
    "hash": "7727b1a6b185bd6c3eb9b3f269a5aac071536f44"
  }
}