{"C:/Users/croco/Desktop/coding/react-rs/react-rs/react-components/src/App.tsx": {"path":"C:/Users/croco/Desktop/coding/react-rs/react-rs/react-components/src/App.tsx","statementMap":{"0":{"start":{"line":1,"column":48},"end":{"line":1,"column":null}},"1":{"start":{"line":11,"column":2},"end":{"line":21,"column":null}},"2":{"start":{"line":23,"column":1},"end":{"line":10,"column":15}},"3":{"start":{"line":25,"column":19},"end":{"line":25,"column":null}}},"fnMap":{"0":{"name":"(anonymous_0)","decl":{"start":{"line":1,"column":48},"end":{"line":1,"column":null}},"loc":{"start":{"line":1,"column":48},"end":{"line":1,"column":null}}},"1":{"name":"App","decl":{"start":{"line":10,"column":9},"end":{"line":10,"column":15}},"loc":{"start":{"line":10,"column":15},"end":{"line":23,"column":1}}}},"branchMap":{"0":{"loc":{"start":{"line":1,"column":48},"end":{"line":1,"column":null}},"type":"if","locations":[{"start":{"line":1,"column":48},"end":{"line":1,"column":null}}]}},"s":{"0":21,"1":3,"2":3,"3":3},"f":{"0":3,"1":3},"b":{"0":[3]}}
,"C:/Users/croco/Desktop/coding/react-rs/react-rs/react-components/src/entry-client.tsx": {"path":"C:/Users/croco/Desktop/coding/react-rs/react-rs/react-components/src/entry-client.tsx","statementMap":{"0":{"start":{"line":7,"column":14},"end":{"line":7,"column":null}},"1":{"start":{"line":9,"column":0},"end":{"line":9,"column":null}},"2":{"start":{"line":11,"column":18},"end":{"line":11,"column":null}},"3":{"start":{"line":13,"column":0},"end":{"line":19,"column":null}}},"fnMap":{},"branchMap":{},"s":{"0":3,"1":3,"2":3,"3":3},"f":{},"b":{}}
,"C:/Users/croco/Desktop/coding/react-rs/react-rs/react-components/src/API/BooksServise.tsx": {"path":"C:/Users/croco/Desktop/coding/react-rs/react-rs/react-components/src/API/BooksServise.tsx","statementMap":{"0":{"start":{"line":11,"column":18},"end":{"line":13,"column":null}},"1":{"start":{"line":16,"column":24},"end":{"line":39,"column":null}},"2":{"start":{"line":21,"column":27},"end":{"line":38,"column":null}},"3":{"start":{"line":23,"column":25},"end":{"line":28,"column":null}},"4":{"start":{"line":31,"column":22},"end":{"line":36,"column":null}},"5":{"start":{"line":45,"column":4},"end":{"line":45,"column":null}}},"fnMap":{"0":{"name":"(anonymous_0)","decl":{"start":{"line":21,"column":14},"end":{"line":21,"column":27}},"loc":{"start":{"line":21,"column":27},"end":{"line":38,"column":null}}},"1":{"name":"(anonymous_1)","decl":{"start":{"line":23,"column":13},"end":{"line":23,"column":14}},"loc":{"start":{"line":23,"column":25},"end":{"line":28,"column":null}}},"2":{"name":"(anonymous_2)","decl":{"start":{"line":31,"column":14},"end":{"line":31,"column":22}},"loc":{"start":{"line":31,"column":22},"end":{"line":36,"column":null}}}},"branchMap":{},"s":{"0":3,"1":3,"2":3,"3":0,"4":0,"5":3},"f":{"0":3,"1":0,"2":0},"b":{}}
,"C:/Users/croco/Desktop/coding/react-rs/react-rs/react-components/src/components/CardList/CardList.tsx": {"path":"C:/Users/croco/Desktop/coding/react-rs/react-rs/react-components/src/components/CardList/CardList.tsx","statementMap":{"0":{"start":{"line":8,"column":77},"end":{"line":8,"column":null}},"1":{"start":{"line":9,"column":40},"end":{"line":9,"column":null}},"2":{"start":{"line":10,"column":40},"end":{"line":10,"column":null}},"3":{"start":{"line":11,"column":29},"end":{"line":11,"column":null}},"4":{"start":{"line":13,"column":2},"end":{"line":15,"column":null}},"5":{"start":{"line":14,"column":4},"end":{"line":14,"column":null}},"6":{"start":{"line":16,"column":2},"end":{"line":18,"column":null}},"7":{"start":{"line":17,"column":4},"end":{"line":17,"column":null}},"8":{"start":{"line":20,"column":27},"end":{"line":27,"column":null}},"9":{"start":{"line":21,"column":27},"end":{"line":21,"column":null}},"10":{"start":{"line":23,"column":4},"end":{"line":26,"column":null}},"11":{"start":{"line":24,"column":6},"end":{"line":24,"column":null}},"12":{"start":{"line":25,"column":6},"end":{"line":25,"column":null}},"13":{"start":{"line":29,"column":2},"end":{"line":45,"column":null}},"14":{"start":{"line":33,"column":10},"end":{"line":36,"column":null}},"15":{"start":{"line":47,"column":1},"end":{"line":11,"column":null}},"16":{"start":{"line":8,"column":17},"end":{"line":11,"column":null}},"17":{"start":{"line":11,"column":56},"end":{"line":8,"column":17}},"18":{"start":{"line":49,"column":24},"end":{"line":49,"column":null}}},"fnMap":{"0":{"name":"CardList","decl":{"start":{"line":8,"column":9},"end":{"line":8,"column":17}},"loc":{"start":{"line":8,"column":77},"end":{"line":47,"column":1}}},"1":{"name":"(anonymous_2)","decl":{"start":{"line":20,"column":27},"end":{"line":20,"column":34}},"loc":{"start":{"line":20,"column":53},"end":{"line":27,"column":null}}},"2":{"name":"(anonymous_3)","decl":{"start":{"line":32,"column":20},"end":{"line":32,"column":null}},"loc":{"start":{"line":33,"column":10},"end":{"line":36,"column":null}}},"3":{"name":"(anonymous_4)","decl":{"start":{"line":8,"column":17},"end":{"line":8,"column":18}},"loc":{"start":{"line":8,"column":17},"end":{"line":11,"column":null}}}},"branchMap":{"0":{"loc":{"start":{"line":13,"column":2},"end":{"line":15,"column":null}},"type":"if","locations":[{"start":{"line":13,"column":2},"end":{"line":15,"column":null}}]},"1":{"loc":{"start":{"line":16,"column":2},"end":{"line":18,"column":null}},"type":"if","locations":[{"start":{"line":16,"column":2},"end":{"line":18,"column":null}}]},"2":{"loc":{"start":{"line":16,"column":6},"end":{"line":16,"column":31}},"type":"binary-expr","locations":[{"start":{"line":16,"column":6},"end":{"line":16,"column":16}},{"start":{"line":16,"column":16},"end":{"line":16,"column":31}}]},"3":{"loc":{"start":{"line":23,"column":4},"end":{"line":26,"column":null}},"type":"if","locations":[{"start":{"line":23,"column":4},"end":{"line":26,"column":null}}]},"4":{"loc":{"start":{"line":23,"column":8},"end":{"line":23,"column":25}},"type":"binary-expr","locations":[{"start":{"line":23,"column":8},"end":{"line":23,"column":16}},{"start":{"line":23,"column":16},"end":{"line":23,"column":25}}]}},"s":{"0":1,"1":1,"2":1,"3":1,"4":1,"5":0,"6":1,"7":0,"8":1,"9":0,"10":0,"11":0,"12":0,"13":1,"14":1,"15":3,"16":1,"17":3,"18":3},"f":{"0":1,"1":0,"2":1,"3":1},"b":{"0":[0],"1":[0],"2":[1,1],"3":[0],"4":[0,0]}}
,"C:/Users/croco/Desktop/coding/react-rs/react-rs/react-components/src/components/Form/Form.tsx": {"path":"C:/Users/croco/Desktop/coding/react-rs/react-rs/react-components/src/components/Form/Form.tsx","statementMap":{"0":{"start":{"line":13,"column":17},"end":{"line":110,"column":2}},"1":{"start":{"line":13,"column":23},"end":{"line":13,"column":null}},"2":{"start":{"line":19,"column":6},"end":{"line":21,"column":null}},"3":{"start":{"line":23,"column":19},"end":{"line":23,"column":null}},"4":{"start":{"line":24,"column":46},"end":{"line":24,"column":null}},"5":{"start":{"line":26,"column":29},"end":{"line":31,"column":null}},"6":{"start":{"line":27,"column":4},"end":{"line":27,"column":null}},"7":{"start":{"line":28,"column":4},"end":{"line":30,"column":null}},"8":{"start":{"line":29,"column":6},"end":{"line":29,"column":null}},"9":{"start":{"line":33,"column":22},"end":{"line":39,"column":null}},"10":{"start":{"line":34,"column":27},"end":{"line":34,"column":null}},"11":{"start":{"line":35,"column":17},"end":{"line":35,"column":null}},"12":{"start":{"line":36,"column":19},"end":{"line":36,"column":null}},"13":{"start":{"line":37,"column":4},"end":{"line":37,"column":null}},"14":{"start":{"line":38,"column":4},"end":{"line":38,"column":null}},"15":{"start":{"line":41,"column":19},"end":{"line":47,"column":null}},"16":{"start":{"line":42,"column":4},"end":{"line":42,"column":null}},"17":{"start":{"line":43,"column":20},"end":{"line":43,"column":null}},"18":{"start":{"line":45,"column":4},"end":{"line":45,"column":null}},"19":{"start":{"line":46,"column":4},"end":{"line":46,"column":null}},"20":{"start":{"line":49,"column":2},"end":{"line":108,"column":null}},"21":{"start":{"line":110,"column":2},"end":{"line":23,"column":null}},"22":{"start":{"line":13,"column":14},"end":{"line":23,"column":null}},"23":{"start":{"line":23,"column":33},"end":{"line":13,"column":14}},"24":{"start":{"line":112,"column":20},"end":{"line":112,"column":null}}},"fnMap":{"0":{"name":"(anonymous_1)","decl":{"start":{"line":13,"column":17},"end":{"line":13,"column":23}},"loc":{"start":{"line":13,"column":23},"end":{"line":110,"column":2}}},"1":{"name":"(anonymous_2)","decl":{"start":{"line":26,"column":29},"end":{"line":26,"column":35}},"loc":{"start":{"line":26,"column":35},"end":{"line":31,"column":null}}},"2":{"name":"(anonymous_3)","decl":{"start":{"line":28,"column":15},"end":{"line":28,"column":21}},"loc":{"start":{"line":28,"column":21},"end":{"line":30,"column":7}}},"3":{"name":"(anonymous_4)","decl":{"start":{"line":33,"column":22},"end":{"line":33,"column":23}},"loc":{"start":{"line":33,"column":45},"end":{"line":39,"column":null}}},"4":{"name":"(anonymous_5)","decl":{"start":{"line":41,"column":33},"end":{"line":41,"column":42}},"loc":{"start":{"line":41,"column":42},"end":{"line":47,"column":3}}},"5":{"name":"(anonymous_6)","decl":{"start":{"line":13,"column":14},"end":{"line":13,"column":17}},"loc":{"start":{"line":13,"column":14},"end":{"line":23,"column":null}}}},"branchMap":{"0":{"loc":{"start":{"line":103,"column":7},"end":{"line":106,"column":null}},"type":"cond-expr","locations":[{"start":{"line":104,"column":8},"end":{"line":104,"column":null}},{"start":{"line":106,"column":8},"end":{"line":106,"column":null}}]}},"s":{"0":3,"1":7,"2":7,"3":7,"4":7,"5":7,"6":1,"7":1,"8":0,"9":7,"10":1,"11":1,"12":1,"13":1,"14":1,"15":7,"16":1,"17":1,"18":1,"19":1,"20":7,"21":3,"22":3,"23":3,"24":3},"f":{"0":7,"1":1,"2":0,"3":1,"4":1,"5":3},"b":{"0":[1,6]}}
,"C:/Users/croco/Desktop/coding/react-rs/react-rs/react-components/src/components/Form/Button/Button.tsx": {"path":"C:/Users/croco/Desktop/coding/react-rs/react-rs/react-components/src/components/Form/Button/Button.tsx","statementMap":{"0":{"start":{"line":1,"column":33},"end":{"line":1,"column":null}},"1":{"start":{"line":4,"column":15},"end":{"line":14,"column":2}},"2":{"start":{"line":5,"column":2},"end":{"line":11,"column":null}},"3":{"start":{"line":14,"column":2},"end":{"line":4,"column":15}},"4":{"start":{"line":16,"column":22},"end":{"line":16,"column":null}}},"fnMap":{"0":{"name":"(anonymous_0)","decl":{"start":{"line":1,"column":33},"end":{"line":1,"column":null}},"loc":{"start":{"line":1,"column":33},"end":{"line":1,"column":null}}},"1":{"name":"(anonymous_1)","decl":{"start":{"line":4,"column":15},"end":{"line":4,"column":16}},"loc":{"start":{"line":4,"column":71},"end":{"line":14,"column":2}}}},"branchMap":{"0":{"loc":{"start":{"line":1,"column":33},"end":{"line":1,"column":null}},"type":"if","locations":[{"start":{"line":1,"column":33},"end":{"line":1,"column":null}}]}},"s":{"0":21,"1":3,"2":7,"3":3,"4":3},"f":{"0":3,"1":7},"b":{"0":[3]}}
,"C:/Users/croco/Desktop/coding/react-rs/react-rs/react-components/src/components/Form/InputCustom/InputCustom.tsx": {"path":"C:/Users/croco/Desktop/coding/react-rs/react-rs/react-components/src/components/Form/InputCustom/InputCustom.tsx","statementMap":{"0":{"start":{"line":1,"column":26},"end":{"line":1,"column":null}},"1":{"start":{"line":6,"column":35},"end":{"line":32,"column":2}},"2":{"start":{"line":7,"column":62},"end":{"line":7,"column":null}},"3":{"start":{"line":8,"column":15},"end":{"line":8,"column":null}},"4":{"start":{"line":9,"column":28},"end":{"line":9,"column":null}},"5":{"start":{"line":11,"column":2},"end":{"line":30,"column":null}},"6":{"start":{"line":32,"column":2},"end":{"line":6,"column":35}},"7":{"start":{"line":34,"column":20},"end":{"line":34,"column":null}}},"fnMap":{"0":{"name":"(anonymous_0)","decl":{"start":{"line":1,"column":26},"end":{"line":1,"column":null}},"loc":{"start":{"line":1,"column":26},"end":{"line":1,"column":null}}},"1":{"name":"(anonymous_1)","decl":{"start":{"line":6,"column":35},"end":{"line":6,"column":45}},"loc":{"start":{"line":6,"column":45},"end":{"line":32,"column":2}}}},"branchMap":{"0":{"loc":{"start":{"line":1,"column":26},"end":{"line":1,"column":null}},"type":"if","locations":[{"start":{"line":1,"column":26},"end":{"line":1,"column":null}}]},"1":{"loc":{"start":{"line":25,"column":7},"end":{"line":28,"column":null}},"type":"cond-expr","locations":[{"start":{"line":26,"column":8},"end":{"line":26,"column":null}},{"start":{"line":28,"column":8},"end":{"line":28,"column":null}}]}},"s":{"0":21,"1":3,"2":35,"3":35,"4":35,"5":35,"6":3,"7":3},"f":{"0":3,"1":35},"b":{"0":[3],"1":[10,25]}}
,"C:/Users/croco/Desktop/coding/react-rs/react-rs/react-components/src/components/Form/Radio/Radio.tsx": {"path":"C:/Users/croco/Desktop/coding/react-rs/react-rs/react-components/src/components/Form/Radio/Radio.tsx","statementMap":{"0":{"start":{"line":1,"column":26},"end":{"line":1,"column":null}},"1":{"start":{"line":5,"column":36},"end":{"line":36,"column":2}},"2":{"start":{"line":6,"column":48},"end":{"line":6,"column":null}},"3":{"start":{"line":7,"column":15},"end":{"line":7,"column":null}},"4":{"start":{"line":8,"column":17},"end":{"line":8,"column":null}},"5":{"start":{"line":10,"column":2},"end":{"line":34,"column":null}},"6":{"start":{"line":15,"column":10},"end":{"line":26,"column":null}},"7":{"start":{"line":36,"column":2},"end":{"line":5,"column":36}},"8":{"start":{"line":38,"column":21},"end":{"line":38,"column":null}}},"fnMap":{"0":{"name":"(anonymous_0)","decl":{"start":{"line":1,"column":26},"end":{"line":1,"column":null}},"loc":{"start":{"line":1,"column":26},"end":{"line":1,"column":null}}},"1":{"name":"(anonymous_1)","decl":{"start":{"line":5,"column":36},"end":{"line":5,"column":46}},"loc":{"start":{"line":5,"column":46},"end":{"line":36,"column":2}}},"2":{"name":"(anonymous_2)","decl":{"start":{"line":14,"column":21},"end":{"line":14,"column":null}},"loc":{"start":{"line":15,"column":10},"end":{"line":26,"column":null}}}},"branchMap":{"0":{"loc":{"start":{"line":1,"column":26},"end":{"line":1,"column":null}},"type":"if","locations":[{"start":{"line":1,"column":26},"end":{"line":1,"column":null}}]},"1":{"loc":{"start":{"line":29,"column":7},"end":{"line":32,"column":null}},"type":"cond-expr","locations":[{"start":{"line":30,"column":8},"end":{"line":30,"column":null}},{"start":{"line":32,"column":8},"end":{"line":32,"column":null}}]}},"s":{"0":21,"1":3,"2":7,"3":7,"4":7,"5":7,"6":14,"7":3,"8":3},"f":{"0":3,"1":7,"2":14},"b":{"0":[3],"1":[2,5]}}
,"C:/Users/croco/Desktop/coding/react-rs/react-rs/react-components/src/components/Form/Select/Select.tsx": {"path":"C:/Users/croco/Desktop/coding/react-rs/react-rs/react-components/src/components/Form/Select/Select.tsx","statementMap":{"0":{"start":{"line":1,"column":26},"end":{"line":1,"column":null}},"1":{"start":{"line":5,"column":37},"end":{"line":35,"column":2}},"2":{"start":{"line":6,"column":48},"end":{"line":6,"column":null}},"3":{"start":{"line":7,"column":15},"end":{"line":7,"column":null}},"4":{"start":{"line":9,"column":2},"end":{"line":33,"column":null}},"5":{"start":{"line":35,"column":2},"end":{"line":5,"column":37}},"6":{"start":{"line":37,"column":22},"end":{"line":37,"column":null}}},"fnMap":{"0":{"name":"(anonymous_0)","decl":{"start":{"line":1,"column":26},"end":{"line":1,"column":null}},"loc":{"start":{"line":1,"column":26},"end":{"line":1,"column":null}}},"1":{"name":"(anonymous_1)","decl":{"start":{"line":5,"column":37},"end":{"line":5,"column":47}},"loc":{"start":{"line":5,"column":47},"end":{"line":35,"column":2}}}},"branchMap":{"0":{"loc":{"start":{"line":1,"column":26},"end":{"line":1,"column":null}},"type":"if","locations":[{"start":{"line":1,"column":26},"end":{"line":1,"column":null}}]},"1":{"loc":{"start":{"line":28,"column":7},"end":{"line":31,"column":null}},"type":"cond-expr","locations":[{"start":{"line":29,"column":8},"end":{"line":29,"column":null}},{"start":{"line":31,"column":8},"end":{"line":31,"column":null}}]}},"s":{"0":21,"1":3,"2":7,"3":7,"4":7,"5":3,"6":3},"f":{"0":3,"1":7},"b":{"0":[3],"1":[0,7]}}
,"C:/Users/croco/Desktop/coding/react-rs/react-rs/react-components/src/components/Header/Header.tsx": {"path":"C:/Users/croco/Desktop/coding/react-rs/react-rs/react-components/src/components/Header/Header.tsx","statementMap":{"0":{"start":{"line":1,"column":33},"end":{"line":1,"column":null}},"1":{"start":{"line":8,"column":19},"end":{"line":20,"column":2}},"2":{"start":{"line":9,"column":34},"end":{"line":9,"column":null}},"3":{"start":{"line":11,"column":2},"end":{"line":18,"column":null}},"4":{"start":{"line":20,"column":2},"end":{"line":8,"column":19}},"5":{"start":{"line":22,"column":34},"end":{"line":22,"column":null}}},"fnMap":{"0":{"name":"(anonymous_0)","decl":{"start":{"line":1,"column":33},"end":{"line":1,"column":null}},"loc":{"start":{"line":1,"column":33},"end":{"line":1,"column":null}}},"1":{"name":"(anonymous_1)","decl":{"start":{"line":8,"column":19},"end":{"line":8,"column":25}},"loc":{"start":{"line":8,"column":25},"end":{"line":20,"column":2}}}},"branchMap":{"0":{"loc":{"start":{"line":1,"column":33},"end":{"line":1,"column":null}},"type":"if","locations":[{"start":{"line":1,"column":33},"end":{"line":1,"column":null}}]}},"s":{"0":24,"1":3,"2":3,"3":3,"4":3,"5":6},"f":{"0":6,"1":3},"b":{"0":[3]}}
,"C:/Users/croco/Desktop/coding/react-rs/react-rs/react-components/src/components/Header/LocationTitle/LocationTitle.tsx": {"path":"C:/Users/croco/Desktop/coding/react-rs/react-rs/react-components/src/components/Header/LocationTitle/LocationTitle.tsx","statementMap":{"0":{"start":{"line":1,"column":33},"end":{"line":1,"column":null}},"1":{"start":{"line":5,"column":43},"end":{"line":17,"column":2}},"2":{"start":{"line":6,"column":26},"end":{"line":10,"column":null}},"3":{"start":{"line":12,"column":2},"end":{"line":15,"column":null}},"4":{"start":{"line":17,"column":2},"end":{"line":5,"column":43}},"5":{"start":{"line":19,"column":29},"end":{"line":19,"column":null}}},"fnMap":{"0":{"name":"(anonymous_0)","decl":{"start":{"line":1,"column":33},"end":{"line":1,"column":null}},"loc":{"start":{"line":1,"column":33},"end":{"line":1,"column":null}}},"1":{"name":"(anonymous_1)","decl":{"start":{"line":5,"column":43},"end":{"line":5,"column":44}},"loc":{"start":{"line":5,"column":61},"end":{"line":17,"column":2}}}},"branchMap":{"0":{"loc":{"start":{"line":1,"column":33},"end":{"line":1,"column":null}},"type":"if","locations":[{"start":{"line":1,"column":33},"end":{"line":1,"column":null}}]},"1":{"loc":{"start":{"line":14,"column":7},"end":{"line":14,"column":null}},"type":"binary-expr","locations":[{"start":{"line":14,"column":7},"end":{"line":14,"column":36}},{"start":{"line":14,"column":36},"end":{"line":14,"column":null}}]}},"s":{"0":21,"1":3,"2":3,"3":3,"4":3,"5":3},"f":{"0":3,"1":3},"b":{"0":[3],"1":[3,0]}}
,"C:/Users/croco/Desktop/coding/react-rs/react-rs/react-components/src/components/Header/Menu/Menu.tsx": {"path":"C:/Users/croco/Desktop/coding/react-rs/react-rs/react-components/src/components/Header/Menu/Menu.tsx","statementMap":{"0":{"start":{"line":1,"column":42},"end":{"line":1,"column":null}},"1":{"start":{"line":5,"column":2},"end":{"line":12,"column":null}},"2":{"start":{"line":14,"column":1},"end":{"line":4,"column":16}},"3":{"start":{"line":16,"column":20},"end":{"line":16,"column":null}}},"fnMap":{"0":{"name":"(anonymous_0)","decl":{"start":{"line":1,"column":42},"end":{"line":1,"column":null}},"loc":{"start":{"line":1,"column":42},"end":{"line":1,"column":null}}},"1":{"name":"Menu","decl":{"start":{"line":4,"column":9},"end":{"line":4,"column":16}},"loc":{"start":{"line":4,"column":16},"end":{"line":14,"column":1}}}},"branchMap":{"0":{"loc":{"start":{"line":1,"column":42},"end":{"line":1,"column":null}},"type":"if","locations":[{"start":{"line":1,"column":42},"end":{"line":1,"column":null}}]}},"s":{"0":21,"1":3,"2":3,"3":3},"f":{"0":3,"1":3},"b":{"0":[3]}}
,"C:/Users/croco/Desktop/coding/react-rs/react-rs/react-components/src/components/ModalBook/ModalBook.tsx": {"path":"C:/Users/croco/Desktop/coding/react-rs/react-rs/react-components/src/components/ModalBook/ModalBook.tsx","statementMap":{"0":{"start":{"line":1,"column":26},"end":{"line":1,"column":null}},"1":{"start":{"line":6,"column":34},"end":{"line":32,"column":2}},"2":{"start":{"line":7,"column":2},"end":{"line":30,"column":null}},"3":{"start":{"line":21,"column":27},"end":{"line":21,"column":null}},"4":{"start":{"line":32,"column":2},"end":{"line":6,"column":34}},"5":{"start":{"line":34,"column":25},"end":{"line":34,"column":null}}},"fnMap":{"0":{"name":"(anonymous_0)","decl":{"start":{"line":1,"column":26},"end":{"line":1,"column":null}},"loc":{"start":{"line":1,"column":26},"end":{"line":1,"column":null}}},"1":{"name":"(anonymous_1)","decl":{"start":{"line":6,"column":34},"end":{"line":6,"column":35}},"loc":{"start":{"line":6,"column":72},"end":{"line":32,"column":2}}},"2":{"name":"(anonymous_2)","decl":{"start":{"line":21,"column":21},"end":{"line":21,"column":27}},"loc":{"start":{"line":21,"column":27},"end":{"line":21,"column":null}}}},"branchMap":{"0":{"loc":{"start":{"line":1,"column":26},"end":{"line":1,"column":null}},"type":"if","locations":[{"start":{"line":1,"column":26},"end":{"line":1,"column":null}}]},"1":{"loc":{"start":{"line":9,"column":7},"end":{"line":28,"column":null}},"type":"cond-expr","locations":[{"start":{"line":10,"column":8},"end":{"line":26,"column":null}},{"start":{"line":28,"column":8},"end":{"line":28,"column":null}}]}},"s":{"0":21,"1":3,"2":1,"3":0,"4":3,"5":3},"f":{"0":3,"1":1,"2":0},"b":{"0":[3],"1":[0,1]}}
,"C:/Users/croco/Desktop/coding/react-rs/react-rs/react-components/src/components/Product/Product.tsx": {"path":"C:/Users/croco/Desktop/coding/react-rs/react-rs/react-components/src/components/Product/Product.tsx","statementMap":{"0":{"start":{"line":1,"column":41},"end":{"line":1,"column":null}},"1":{"start":{"line":12,"column":2},"end":{"line":26,"column":null}},"2":{"start":{"line":15,"column":21},"end":{"line":15,"column":null}},"3":{"start":{"line":16,"column":38},"end":{"line":16,"column":67}},"4":{"start":{"line":28,"column":1},"end":{"line":5,"column":17}},"5":{"start":{"line":30,"column":23},"end":{"line":30,"column":null}}},"fnMap":{"0":{"name":"(anonymous_0)","decl":{"start":{"line":1,"column":41},"end":{"line":1,"column":null}},"loc":{"start":{"line":1,"column":41},"end":{"line":1,"column":null}}},"1":{"name":"Product","decl":{"start":{"line":5,"column":9},"end":{"line":5,"column":17}},"loc":{"start":{"line":11,"column":3},"end":{"line":28,"column":1}}},"2":{"name":"(anonymous_2)","decl":{"start":{"line":15,"column":15},"end":{"line":15,"column":21}},"loc":{"start":{"line":15,"column":21},"end":{"line":15,"column":null}}},"3":{"name":"(anonymous_3)","decl":{"start":{"line":16,"column":32},"end":{"line":16,"column":38}},"loc":{"start":{"line":16,"column":38},"end":{"line":16,"column":67}}}},"branchMap":{"0":{"loc":{"start":{"line":1,"column":41},"end":{"line":1,"column":null}},"type":"if","locations":[{"start":{"line":1,"column":41},"end":{"line":1,"column":null}}]}},"s":{"0":21,"1":1,"2":0,"3":0,"4":3,"5":3},"f":{"0":3,"1":1,"2":0,"3":0},"b":{"0":[3]}}
,"C:/Users/croco/Desktop/coding/react-rs/react-rs/react-components/src/components/Search/Search.tsx": {"path":"C:/Users/croco/Desktop/coding/react-rs/react-rs/react-components/src/components/Search/Search.tsx","statementMap":{"0":{"start":{"line":7,"column":19},"end":{"line":40,"column":2}},"1":{"start":{"line":7,"column":25},"end":{"line":7,"column":null}},"2":{"start":{"line":8,"column":28},"end":{"line":8,"column":null}},"3":{"start":{"line":8,"column":54},"end":{"line":8,"column":72}},"4":{"start":{"line":9,"column":19},"end":{"line":9,"column":null}},"5":{"start":{"line":10,"column":38},"end":{"line":10,"column":null}},"6":{"start":{"line":11,"column":2},"end":{"line":11,"column":null}},"7":{"start":{"line":13,"column":23},"end":{"line":16,"column":null}},"8":{"start":{"line":14,"column":4},"end":{"line":14,"column":null}},"9":{"start":{"line":15,"column":4},"end":{"line":15,"column":null}},"10":{"start":{"line":18,"column":53},"end":{"line":21,"column":null}},"11":{"start":{"line":19,"column":22},"end":{"line":19,"column":null}},"12":{"start":{"line":20,"column":4},"end":{"line":20,"column":null}},"13":{"start":{"line":23,"column":2},"end":{"line":38,"column":null}},"14":{"start":{"line":40,"column":2},"end":{"line":11,"column":22}},"15":{"start":{"line":7,"column":16},"end":{"line":11,"column":22}},"16":{"start":{"line":11,"column":21},"end":{"line":7,"column":16}},"17":{"start":{"line":42,"column":22},"end":{"line":42,"column":null}}},"fnMap":{"0":{"name":"(anonymous_1)","decl":{"start":{"line":7,"column":19},"end":{"line":7,"column":25}},"loc":{"start":{"line":7,"column":25},"end":{"line":40,"column":2}}},"1":{"name":"(anonymous_2)","decl":{"start":{"line":8,"column":44},"end":{"line":8,"column":54}},"loc":{"start":{"line":8,"column":54},"end":{"line":8,"column":72}}},"2":{"name":"(anonymous_3)","decl":{"start":{"line":13,"column":23},"end":{"line":13,"column":30}},"loc":{"start":{"line":13,"column":51},"end":{"line":16,"column":null}}},"3":{"name":"(anonymous_4)","decl":{"start":{"line":18,"column":53},"end":{"line":18,"column":54}},"loc":{"start":{"line":18,"column":77},"end":{"line":21,"column":null}}},"4":{"name":"(anonymous_5)","decl":{"start":{"line":7,"column":16},"end":{"line":7,"column":19}},"loc":{"start":{"line":7,"column":16},"end":{"line":11,"column":22}}}},"branchMap":{"0":{"loc":{"start":{"line":8,"column":28},"end":{"line":8,"column":null}},"type":"binary-expr","locations":[{"start":{"line":8,"column":28},"end":{"line":8,"column":77}},{"start":{"line":8,"column":77},"end":{"line":8,"column":null}}]}},"s":{"0":3,"1":0,"2":0,"3":0,"4":0,"5":0,"6":0,"7":0,"8":0,"9":0,"10":0,"11":0,"12":0,"13":0,"14":3,"15":0,"16":3,"17":3},"f":{"0":0,"1":0,"2":0,"3":0,"4":0},"b":{"0":[0,0]}}
,"C:/Users/croco/Desktop/coding/react-rs/react-rs/react-components/src/components/UI/Loader/Loader.tsx": {"path":"C:/Users/croco/Desktop/coding/react-rs/react-rs/react-components/src/components/UI/Loader/Loader.tsx","statementMap":{"0":{"start":{"line":1,"column":41},"end":{"line":1,"column":null}},"1":{"start":{"line":3,"column":15},"end":{"line":10,"column":2}},"2":{"start":{"line":4,"column":2},"end":{"line":8,"column":null}},"3":{"start":{"line":10,"column":2},"end":{"line":3,"column":15}},"4":{"start":{"line":12,"column":22},"end":{"line":12,"column":null}}},"fnMap":{"0":{"name":"(anonymous_0)","decl":{"start":{"line":1,"column":41},"end":{"line":1,"column":null}},"loc":{"start":{"line":1,"column":41},"end":{"line":1,"column":null}}},"1":{"name":"(anonymous_1)","decl":{"start":{"line":3,"column":15},"end":{"line":3,"column":21}},"loc":{"start":{"line":3,"column":21},"end":{"line":10,"column":2}}}},"branchMap":{"0":{"loc":{"start":{"line":1,"column":41},"end":{"line":1,"column":null}},"type":"if","locations":[{"start":{"line":1,"column":41},"end":{"line":1,"column":null}}]}},"s":{"0":21,"1":3,"2":0,"3":3,"4":3},"f":{"0":3,"1":0},"b":{"0":[3]}}
,"C:/Users/croco/Desktop/coding/react-rs/react-rs/react-components/src/components/UI/Modal/Modal.tsx": {"path":"C:/Users/croco/Desktop/coding/react-rs/react-rs/react-components/src/components/UI/Modal/Modal.tsx","statementMap":{"0":{"start":{"line":1,"column":26},"end":{"line":1,"column":null}},"1":{"start":{"line":9,"column":5},"end":{"line":31,"column":2}},"2":{"start":{"line":10,"column":2},"end":{"line":29,"column":null}},"3":{"start":{"line":13,"column":38},"end":{"line":13,"column":58}},"4":{"start":{"line":15,"column":21},"end":{"line":15,"column":null}},"5":{"start":{"line":20,"column":40},"end":{"line":20,"column":60}},"6":{"start":{"line":22,"column":24},"end":{"line":22,"column":null}},"7":{"start":{"line":27,"column":42},"end":{"line":27,"column":44}},"8":{"start":{"line":31,"column":2},"end":{"line":5,"column":null}},"9":{"start":{"line":33,"column":21},"end":{"line":33,"column":null}}},"fnMap":{"0":{"name":"(anonymous_0)","decl":{"start":{"line":1,"column":26},"end":{"line":1,"column":null}},"loc":{"start":{"line":1,"column":26},"end":{"line":1,"column":null}}},"1":{"name":"(anonymous_1)","decl":{"start":{"line":9,"column":5},"end":{"line":9,"column":6}},"loc":{"start":{"line":9,"column":47},"end":{"line":31,"column":2}}},"2":{"name":"(anonymous_2)","decl":{"start":{"line":13,"column":32},"end":{"line":13,"column":38}},"loc":{"start":{"line":13,"column":38},"end":{"line":13,"column":58}}},"3":{"name":"(anonymous_3)","decl":{"start":{"line":15,"column":15},"end":{"line":15,"column":21}},"loc":{"start":{"line":15,"column":21},"end":{"line":15,"column":null}}},"4":{"name":"(anonymous_4)","decl":{"start":{"line":20,"column":34},"end":{"line":20,"column":40}},"loc":{"start":{"line":20,"column":40},"end":{"line":20,"column":60}}},"5":{"name":"(anonymous_5)","decl":{"start":{"line":22,"column":18},"end":{"line":22,"column":24}},"loc":{"start":{"line":22,"column":24},"end":{"line":22,"column":null}}},"6":{"name":"(anonymous_6)","decl":{"start":{"line":27,"column":35},"end":{"line":27,"column":42}},"loc":{"start":{"line":27,"column":42},"end":{"line":27,"column":44}}}},"branchMap":{"0":{"loc":{"start":{"line":1,"column":26},"end":{"line":1,"column":null}},"type":"if","locations":[{"start":{"line":1,"column":26},"end":{"line":1,"column":null}}]},"1":{"loc":{"start":{"line":16,"column":17},"end":{"line":16,"column":null}},"type":"cond-expr","locations":[{"start":{"line":16,"column":27},"end":{"line":16,"column":63}},{"start":{"line":16,"column":63},"end":{"line":16,"column":null}}]},"2":{"loc":{"start":{"line":24,"column":10},"end":{"line":24,"column":null}},"type":"cond-expr","locations":[{"start":{"line":24,"column":20},"end":{"line":24,"column":58}},{"start":{"line":24,"column":58},"end":{"line":24,"column":null}}]},"3":{"loc":{"start":{"line":27,"column":9},"end":{"line":27,"column":null}},"type":"binary-expr","locations":[{"start":{"line":27,"column":9},"end":{"line":27,"column":21}},{"start":{"line":27,"column":21},"end":{"line":27,"column":null}}]}},"s":{"0":21,"1":3,"2":1,"3":0,"4":0,"5":0,"6":0,"7":0,"8":3,"9":3},"f":{"0":3,"1":1,"2":0,"3":0,"4":0,"5":0,"6":0},"b":{"0":[3],"1":[0,1],"2":[0,1],"3":[1,0]}}
,"C:/Users/croco/Desktop/coding/react-rs/react-rs/react-components/src/hooks/redux.tsx": {"path":"C:/Users/croco/Desktop/coding/react-rs/react-rs/react-components/src/hooks/redux.tsx","statementMap":{"0":{"start":{"line":5,"column":49},"end":{"line":5,"column":null}},"1":{"start":{"line":6,"column":63},"end":{"line":6,"column":null}}},"fnMap":{},"branchMap":{},"s":{"0":3,"1":3},"f":{},"b":{}}
,"C:/Users/croco/Desktop/coding/react-rs/react-rs/react-components/src/layouts/MainLayout.tsx": {"path":"C:/Users/croco/Desktop/coding/react-rs/react-rs/react-components/src/layouts/MainLayout.tsx","statementMap":{"0":{"start":{"line":1,"column":41},"end":{"line":1,"column":null}},"1":{"start":{"line":5,"column":2},"end":{"line":9,"column":null}},"2":{"start":{"line":11,"column":1},"end":{"line":4,"column":22}},"3":{"start":{"line":13,"column":26},"end":{"line":13,"column":null}}},"fnMap":{"0":{"name":"(anonymous_0)","decl":{"start":{"line":1,"column":41},"end":{"line":1,"column":null}},"loc":{"start":{"line":1,"column":41},"end":{"line":1,"column":null}}},"1":{"name":"MainLayout","decl":{"start":{"line":4,"column":9},"end":{"line":4,"column":22}},"loc":{"start":{"line":4,"column":22},"end":{"line":11,"column":1}}}},"branchMap":{"0":{"loc":{"start":{"line":1,"column":41},"end":{"line":1,"column":null}},"type":"if","locations":[{"start":{"line":1,"column":41},"end":{"line":1,"column":null}}]}},"s":{"0":21,"1":3,"2":3,"3":3},"f":{"0":3,"1":3},"b":{"0":[3]}}
,"C:/Users/croco/Desktop/coding/react-rs/react-rs/react-components/src/pages/About/About.tsx": {"path":"C:/Users/croco/Desktop/coding/react-rs/react-rs/react-components/src/pages/About/About.tsx","statementMap":{"0":{"start":{"line":1,"column":40},"end":{"line":1,"column":null}},"1":{"start":{"line":4,"column":2},"end":{"line":51,"column":null}},"2":{"start":{"line":53,"column":1},"end":{"line":3,"column":17}},"3":{"start":{"line":55,"column":21},"end":{"line":55,"column":null}}},"fnMap":{"0":{"name":"(anonymous_0)","decl":{"start":{"line":1,"column":40},"end":{"line":1,"column":null}},"loc":{"start":{"line":1,"column":40},"end":{"line":1,"column":null}}},"1":{"name":"About","decl":{"start":{"line":3,"column":9},"end":{"line":3,"column":17}},"loc":{"start":{"line":3,"column":17},"end":{"line":53,"column":1}}}},"branchMap":{"0":{"loc":{"start":{"line":1,"column":40},"end":{"line":1,"column":null}},"type":"if","locations":[{"start":{"line":1,"column":40},"end":{"line":1,"column":null}}]}},"s":{"0":21,"1":0,"2":3,"3":3},"f":{"0":3,"1":0},"b":{"0":[3]}}
,"C:/Users/croco/Desktop/coding/react-rs/react-rs/react-components/src/pages/Catalog/Catalog.tsx": {"path":"C:/Users/croco/Desktop/coding/react-rs/react-rs/react-components/src/pages/Catalog/Catalog.tsx","statementMap":{"0":{"start":{"line":7,"column":19},"end":{"line":7,"column":null}},"1":{"start":{"line":8,"column":23},"end":{"line":8,"column":null}},"2":{"start":{"line":8,"column":49},"end":{"line":8,"column":67}},"3":{"start":{"line":9,"column":46},"end":{"line":9,"column":null}},"4":{"start":{"line":11,"column":2},"end":{"line":27,"column":null}},"5":{"start":{"line":29,"column":1},"end":{"line":9,"column":66}},"6":{"start":{"line":7,"column":16},"end":{"line":9,"column":66}},"7":{"start":{"line":9,"column":65},"end":{"line":7,"column":16}},"8":{"start":{"line":31,"column":23},"end":{"line":31,"column":null}}},"fnMap":{"0":{"name":"Catalog","decl":{"start":{"line":7,"column":9},"end":{"line":7,"column":16}},"loc":{"start":{"line":7,"column":19},"end":{"line":29,"column":1}}},"1":{"name":"(anonymous_2)","decl":{"start":{"line":8,"column":39},"end":{"line":8,"column":49}},"loc":{"start":{"line":8,"column":49},"end":{"line":8,"column":67}}},"2":{"name":"(anonymous_3)","decl":{"start":{"line":7,"column":16},"end":{"line":7,"column":19}},"loc":{"start":{"line":7,"column":16},"end":{"line":9,"column":66}}}},"branchMap":{"0":{"loc":{"start":{"line":8,"column":23},"end":{"line":8,"column":null}},"type":"binary-expr","locations":[{"start":{"line":8,"column":23},"end":{"line":8,"column":72}},{"start":{"line":8,"column":72},"end":{"line":8,"column":null}}]},"1":{"loc":{"start":{"line":14,"column":7},"end":{"line":25,"column":null}},"type":"cond-expr","locations":[{"start":{"line":15,"column":8},"end":{"line":23,"column":null}},{"start":{"line":25,"column":8},"end":{"line":25,"column":null}}]},"2":{"loc":{"start":{"line":25,"column":43},"end":{"line":25,"column":55}},"type":"binary-expr","locations":[{"start":{"line":25,"column":43},"end":{"line":25,"column":52}},{"start":{"line":25,"column":52},"end":{"line":25,"column":55}}]}},"s":{"0":0,"1":0,"2":0,"3":0,"4":0,"5":3,"6":0,"7":3,"8":3},"f":{"0":0,"1":0,"2":0},"b":{"0":[0,0],"1":[0,0],"2":[0,0]}}
,"C:/Users/croco/Desktop/coding/react-rs/react-rs/react-components/src/pages/FormPage/FormPage.tsx": {"path":"C:/Users/croco/Desktop/coding/react-rs/react-rs/react-components/src/pages/FormPage/FormPage.tsx","statementMap":{"0":{"start":{"line":6,"column":21},"end":{"line":15,"column":2}},"1":{"start":{"line":6,"column":27},"end":{"line":6,"column":null}},"2":{"start":{"line":7,"column":18},"end":{"line":7,"column":null}},"3":{"start":{"line":7,"column":44},"end":{"line":7,"column":63}},"4":{"start":{"line":9,"column":2},"end":{"line":13,"column":null}},"5":{"start":{"line":15,"column":2},"end":{"line":7,"column":34}},"6":{"start":{"line":6,"column":18},"end":{"line":7,"column":34}},"7":{"start":{"line":7,"column":32},"end":{"line":6,"column":18}},"8":{"start":{"line":17,"column":24},"end":{"line":17,"column":null}}},"fnMap":{"0":{"name":"(anonymous_1)","decl":{"start":{"line":6,"column":21},"end":{"line":6,"column":27}},"loc":{"start":{"line":6,"column":27},"end":{"line":15,"column":2}}},"1":{"name":"(anonymous_2)","decl":{"start":{"line":7,"column":34},"end":{"line":7,"column":44}},"loc":{"start":{"line":7,"column":44},"end":{"line":7,"column":63}}},"2":{"name":"(anonymous_3)","decl":{"start":{"line":6,"column":18},"end":{"line":6,"column":21}},"loc":{"start":{"line":6,"column":18},"end":{"line":7,"column":34}}}},"branchMap":{"0":{"loc":{"start":{"line":12,"column":7},"end":{"line":12,"column":null}},"type":"binary-expr","locations":[{"start":{"line":12,"column":7},"end":{"line":12,"column":29}},{"start":{"line":12,"column":29},"end":{"line":12,"column":null}}]}},"s":{"0":3,"1":4,"2":4,"3":5,"4":4,"5":3,"6":3,"7":3,"8":3},"f":{"0":4,"1":5,"2":3},"b":{"0":[4,1]}}
,"C:/Users/croco/Desktop/coding/react-rs/react-rs/react-components/src/pages/NotFound/NotFound.tsx": {"path":"C:/Users/croco/Desktop/coding/react-rs/react-rs/react-components/src/pages/NotFound/NotFound.tsx","statementMap":{"0":{"start":{"line":1,"column":20},"end":{"line":1,"column":null}},"1":{"start":{"line":2,"column":2},"end":{"line":5,"column":null}},"2":{"start":{"line":7,"column":1},"end":{"line":1,"column":20}},"3":{"start":{"line":9,"column":24},"end":{"line":9,"column":null}}},"fnMap":{"0":{"name":"(anonymous_0)","decl":{"start":{"line":1,"column":20},"end":{"line":1,"column":null}},"loc":{"start":{"line":1,"column":20},"end":{"line":1,"column":null}}}},"branchMap":{"0":{"loc":{"start":{"line":1,"column":20},"end":{"line":1,"column":null}},"type":"if","locations":[{"start":{"line":1,"column":20},"end":{"line":1,"column":null}}]}},"s":{"0":21,"1":0,"2":3,"3":3},"f":{"0":3},"b":{"0":[3]}}
,"C:/Users/croco/Desktop/coding/react-rs/react-rs/react-components/src/store/myBooksSlice.tsx": {"path":"C:/Users/croco/Desktop/coding/react-rs/react-rs/react-components/src/store/myBooksSlice.tsx","statementMap":{"0":{"start":{"line":8,"column":35},"end":{"line":10,"column":null}},"1":{"start":{"line":12,"column":21},"end":{"line":20,"column":null}},"2":{"start":{"line":17,"column":6},"end":{"line":17,"column":null}},"3":{"start":{"line":22,"column":27},"end":{"line":22,"column":null}}},"fnMap":{"0":{"name":"(anonymous_0)","decl":{"start":{"line":16,"column":4},"end":{"line":16,"column":12}},"loc":{"start":{"line":16,"column":49},"end":{"line":18,"column":null}}}},"branchMap":{},"s":{"0":3,"1":3,"2":1,"3":3},"f":{"0":1},"b":{}}
,"C:/Users/croco/Desktop/coding/react-rs/react-rs/react-components/src/store/searchSlice.tsx": {"path":"C:/Users/croco/Desktop/coding/react-rs/react-rs/react-components/src/store/searchSlice.tsx","statementMap":{"0":{"start":{"line":7,"column":34},"end":{"line":9,"column":null}},"1":{"start":{"line":11,"column":20},"end":{"line":19,"column":null}},"2":{"start":{"line":16,"column":6},"end":{"line":16,"column":null}},"3":{"start":{"line":21,"column":34},"end":{"line":21,"column":null}}},"fnMap":{"0":{"name":"(anonymous_0)","decl":{"start":{"line":15,"column":4},"end":{"line":15,"column":19}},"loc":{"start":{"line":15,"column":57},"end":{"line":17,"column":null}}}},"branchMap":{},"s":{"0":3,"1":3,"2":0,"3":3},"f":{"0":0},"b":{}}
,"C:/Users/croco/Desktop/coding/react-rs/react-rs/react-components/src/store/store.tsx": {"path":"C:/Users/croco/Desktop/coding/react-rs/react-rs/react-components/src/store/store.tsx","statementMap":{"0":{"start":{"line":7,"column":20},"end":{"line":11,"column":null}},"1":{"start":{"line":13,"column":26},"end":{"line":20,"column":null}},"2":{"start":{"line":14,"column":2},"end":{"line":19,"column":null}},"3":{"start":{"line":18,"column":6},"end":{"line":18,"column":null}}},"fnMap":{"0":{"name":"(anonymous_0)","decl":{"start":{"line":13,"column":26},"end":{"line":13,"column":27}},"loc":{"start":{"line":13,"column":74},"end":{"line":20,"column":null}}},"1":{"name":"(anonymous_1)","decl":{"start":{"line":17,"column":17},"end":{"line":17,"column":null}},"loc":{"start":{"line":18,"column":6},"end":{"line":18,"column":null}}}},"branchMap":{},"s":{"0":3,"1":3,"2":3,"3":3},"f":{"0":3,"1":3},"b":{}}
,"C:/Users/croco/Desktop/coding/react-rs/react-rs/react-components/src/utils/WithRouter.tsx": {"path":"C:/Users/croco/Desktop/coding/react-rs/react-rs/react-components/src/utils/WithRouter.tsx","statementMap":{"0":{"start":{"line":1,"column":25},"end":{"line":1,"column":null}},"1":{"start":{"line":5,"column":19},"end":{"line":13,"column":null}},"2":{"start":{"line":5,"column":72},"end":{"line":5,"column":null}},"3":{"start":{"line":6,"column":30},"end":{"line":10,"column":4}},"4":{"start":{"line":6,"column":36},"end":{"line":6,"column":null}},"5":{"start":{"line":7,"column":21},"end":{"line":7,"column":null}},"6":{"start":{"line":9,"column":4},"end":{"line":9,"column":null}},"7":{"start":{"line":10,"column":4},"end":{"line":7,"column":null}},"8":{"start":{"line":6,"column":27},"end":{"line":7,"column":null}},"9":{"start":{"line":12,"column":2},"end":{"line":12,"column":null}}},"fnMap":{"0":{"name":"(anonymous_0)","decl":{"start":{"line":1,"column":25},"end":{"line":1,"column":null}},"loc":{"start":{"line":1,"column":25},"end":{"line":1,"column":null}}},"1":{"name":"(anonymous_1)","decl":{"start":{"line":5,"column":19},"end":{"line":5,"column":20}},"loc":{"start":{"line":5,"column":72},"end":{"line":13,"column":null}}},"2":{"name":"(anonymous_2)","decl":{"start":{"line":6,"column":30},"end":{"line":6,"column":36}},"loc":{"start":{"line":6,"column":36},"end":{"line":10,"column":4}}},"3":{"name":"(anonymous_3)","decl":{"start":{"line":6,"column":27},"end":{"line":6,"column":30}},"loc":{"start":{"line":6,"column":27},"end":{"line":7,"column":null}}}},"branchMap":{"0":{"loc":{"start":{"line":1,"column":25},"end":{"line":1,"column":null}},"type":"if","locations":[{"start":{"line":1,"column":25},"end":{"line":1,"column":null}}]}},"s":{"0":18,"1":3,"2":6,"3":6,"4":6,"5":6,"6":6,"7":6,"8":3,"9":6},"f":{"0":0,"1":6,"2":6,"3":3},"b":{"0":[3]}}
,"C:/Users/croco/Desktop/coding/react-rs/react-rs/react-components/src/utils/helpers.tsx": {"path":"C:/Users/croco/Desktop/coding/react-rs/react-rs/react-components/src/utils/helpers.tsx","statementMap":{"0":{"start":{"line":2,"column":2},"end":{"line":6,"column":null}},"1":{"start":{"line":3,"column":4},"end":{"line":5,"column":null}},"2":{"start":{"line":4,"column":6},"end":{"line":4,"column":null}}},"fnMap":{"0":{"name":"filterKeyEnter","decl":{"start":{"line":1,"column":9},"end":{"line":1,"column":24}},"loc":{"start":{"line":1,"column":45},"end":{"line":7,"column":null}}},"1":{"name":"(anonymous_1)","decl":{"start":{"line":2,"column":9},"end":{"line":2,"column":10}},"loc":{"start":{"line":2,"column":53},"end":{"line":6,"column":null}}}},"branchMap":{"0":{"loc":{"start":{"line":3,"column":4},"end":{"line":5,"column":null}},"type":"if","locations":[{"start":{"line":3,"column":4},"end":{"line":5,"column":null}}]}},"s":{"0":3,"1":0,"2":0},"f":{"0":3,"1":0},"b":{"0":[0]}}
,"C:/Users/croco/Desktop/coding/react-rs/react-rs/react-components/src/utils/validation.tsx": {"path":"C:/Users/croco/Desktop/coding/react-rs/react-rs/react-components/src/utils/validation.tsx","statementMap":{"0":{"start":{"line":3,"column":30},"end":{"line":31,"column":null}},"1":{"start":{"line":5,"column":4},"end":{"line":7,"column":null}},"2":{"start":{"line":11,"column":4},"end":{"line":13,"column":null}},"3":{"start":{"line":17,"column":4},"end":{"line":19,"column":null}},"4":{"start":{"line":23,"column":4},"end":{"line":25,"column":null}},"5":{"start":{"line":29,"column":4},"end":{"line":29,"column":null}}},"fnMap":{"0":{"name":"(anonymous_0)","decl":{"start":{"line":4,"column":2},"end":{"line":4,"column":8}},"loc":{"start":{"line":4,"column":23},"end":{"line":9,"column":null}}},"1":{"name":"(anonymous_1)","decl":{"start":{"line":10,"column":2},"end":{"line":10,"column":14}},"loc":{"start":{"line":10,"column":29},"end":{"line":15,"column":null}}},"2":{"name":"(anonymous_2)","decl":{"start":{"line":16,"column":2},"end":{"line":16,"column":7}},"loc":{"start":{"line":16,"column":22},"end":{"line":21,"column":null}}},"3":{"name":"(anonymous_3)","decl":{"start":{"line":22,"column":2},"end":{"line":22,"column":7}},"loc":{"start":{"line":22,"column":33},"end":{"line":27,"column":null}}},"4":{"name":"(anonymous_4)","decl":{"start":{"line":28,"column":2},"end":{"line":28,"column":12}},"loc":{"start":{"line":28,"column":27},"end":{"line":30,"column":null}}}},"branchMap":{"0":{"loc":{"start":{"line":6,"column":6},"end":{"line":7,"column":null}},"type":"binary-expr","locations":[{"start":{"line":6,"column":6},"end":{"line":6,"column":null}},{"start":{"line":7,"column":6},"end":{"line":7,"column":null}}]},"1":{"loc":{"start":{"line":12,"column":6},"end":{"line":13,"column":null}},"type":"binary-expr","locations":[{"start":{"line":12,"column":6},"end":{"line":12,"column":null}},{"start":{"line":13,"column":6},"end":{"line":13,"column":null}}]},"2":{"loc":{"start":{"line":18,"column":7},"end":{"line":19,"column":null}},"type":"binary-expr","locations":[{"start":{"line":18,"column":7},"end":{"line":18,"column":28}},{"start":{"line":18,"column":28},"end":{"line":18,"column":null}},{"start":{"line":19,"column":6},"end":{"line":19,"column":null}}]},"3":{"loc":{"start":{"line":24,"column":7},"end":{"line":25,"column":null}},"type":"binary-expr","locations":[{"start":{"line":24,"column":7},"end":{"line":24,"column":36}},{"start":{"line":24,"column":36},"end":{"line":24,"column":null}},{"start":{"line":25,"column":6},"end":{"line":25,"column":null}}]},"4":{"loc":{"start":{"line":29,"column":11},"end":{"line":29,"column":null}},"type":"binary-expr","locations":[{"start":{"line":29,"column":11},"end":{"line":29,"column":20}},{"start":{"line":29,"column":20},"end":{"line":29,"column":null}}]}},"s":{"0":3,"1":2,"2":1,"3":1,"4":1,"5":1},"f":{"0":2,"1":1,"2":1,"3":1,"4":1},"b":{"0":[2,1],"1":[1,0],"2":[1,1,0],"3":[1,1,0],"4":[1,0]}}
}
