TN:
SF:src\App.tsx
FN:1,(anonymous_0)
FN:10,App
FNF:2
FNH:2
FNDA:3,(anonymous_0)
FNDA:3,App
DA:1,21
DA:11,3
DA:23,3
DA:25,3
LF:4
LH:4
BRDA:1,0,0,3
BRF:1
BRH:1
end_of_record
TN:
SF:src\entry-client.tsx
FNF:0
FNH:0
DA:7,3
DA:9,3
DA:11,3
DA:13,3
LF:4
LH:4
BRF:0
BRH:0
end_of_record
TN:
SF:src\API\BooksServise.tsx
FN:21,(anonymous_0)
FN:23,(anonymous_1)
FN:31,(anonymous_2)
FNF:3
FNH:1
FNDA:3,(anonymous_0)
FNDA:0,(anonymous_1)
FNDA:0,(anonymous_2)
DA:11,3
DA:16,3
DA:21,3
DA:23,0
DA:31,0
DA:45,3
LF:6
LH:4
BRF:0
BRH:0
end_of_record
TN:
SF:src\components\CardList\CardList.tsx
FN:8,CardList
FN:20,(anonymous_2)
FN:32,(anonymous_3)
FN:8,(anonymous_4)
FNF:4
FNH:3
FNDA:1,CardList
FNDA:0,(anonymous_2)
FNDA:1,(anonymous_3)
FNDA:1,(anonymous_4)
DA:8,1
DA:9,1
DA:10,1
DA:11,3
DA:13,1
DA:14,0
DA:16,1
DA:17,0
DA:20,1
DA:21,0
DA:23,0
DA:24,0
DA:25,0
DA:29,1
DA:33,1
DA:47,3
DA:49,3
LF:17
LH:11
BRDA:13,0,0,0
BRDA:16,1,0,0
BRDA:16,2,0,1
BRDA:16,2,1,1
BRDA:23,3,0,0
BRDA:23,4,0,0
BRDA:23,4,1,0
BRF:7
BRH:2
end_of_record
TN:
SF:src\components\Form\Form.tsx
FN:13,(anonymous_1)
FN:26,(anonymous_2)
FN:28,(anonymous_3)
FN:33,(anonymous_4)
FN:41,(anonymous_5)
FN:13,(anonymous_6)
FNF:6
FNH:5
FNDA:7,(anonymous_1)
FNDA:1,(anonymous_2)
FNDA:0,(anonymous_3)
FNDA:1,(anonymous_4)
FNDA:1,(anonymous_5)
FNDA:3,(anonymous_6)
DA:13,7
DA:19,7
DA:23,7
DA:24,7
DA:26,7
DA:27,1
DA:28,1
DA:29,0
DA:33,7
DA:34,1
DA:35,1
DA:36,1
DA:37,1
DA:38,1
DA:41,7
DA:42,1
DA:43,1
DA:45,1
DA:46,1
DA:49,7
DA:110,3
DA:112,3
LF:22
LH:21
BRDA:103,0,0,1
BRDA:103,0,1,6
BRF:2
BRH:2
end_of_record
TN:
SF:src\components\Form\Button\Button.tsx
FN:1,(anonymous_0)
FN:4,(anonymous_1)
FNF:2
FNH:2
FNDA:3,(anonymous_0)
FNDA:7,(anonymous_1)
DA:1,21
DA:4,3
DA:5,7
DA:14,3
DA:16,3
LF:5
LH:5
BRDA:1,0,0,3
BRF:1
BRH:1
end_of_record
TN:
SF:src\components\Form\InputCustom\InputCustom.tsx
FN:1,(anonymous_0)
FN:6,(anonymous_1)
FNF:2
FNH:2
FNDA:3,(anonymous_0)
FNDA:35,(anonymous_1)
DA:1,21
DA:6,3
DA:7,35
DA:8,35
DA:9,35
DA:11,35
DA:32,3
DA:34,3
LF:8
LH:8
BRDA:1,0,0,3
BRDA:25,1,0,10
BRDA:25,1,1,25
BRF:3
BRH:3
end_of_record
TN:
SF:src\components\Form\Radio\Radio.tsx
FN:1,(anonymous_0)
FN:5,(anonymous_1)
FN:14,(anonymous_2)
FNF:3
FNH:3
FNDA:3,(anonymous_0)
FNDA:7,(anonymous_1)
FNDA:14,(anonymous_2)
DA:1,21
DA:5,3
DA:6,7
DA:7,7
DA:8,7
DA:10,7
DA:15,14
DA:36,3
DA:38,3
LF:9
LH:9
BRDA:1,0,0,3
BRDA:29,1,0,2
BRDA:29,1,1,5
BRF:3
BRH:3
end_of_record
TN:
SF:src\components\Form\Select\Select.tsx
FN:1,(anonymous_0)
FN:5,(anonymous_1)
FNF:2
FNH:2
FNDA:3,(anonymous_0)
FNDA:7,(anonymous_1)
DA:1,21
DA:5,3
DA:6,7
DA:7,7
DA:9,7
DA:35,3
DA:37,3
LF:7
LH:7
BRDA:1,0,0,3
BRDA:28,1,0,0
BRDA:28,1,1,7
BRF:3
BRH:2
end_of_record
TN:
SF:src\components\Header\Header.tsx
FN:1,(anonymous_0)
FN:8,(anonymous_1)
FNF:2
FNH:2
FNDA:6,(anonymous_0)
FNDA:3,(anonymous_1)
DA:1,24
DA:8,3
DA:9,3
DA:11,3
DA:20,3
DA:22,6
LF:6
LH:6
BRDA:1,0,0,3
BRF:1
BRH:1
end_of_record
TN:
SF:src\components\Header\LocationTitle\LocationTitle.tsx
FN:1,(anonymous_0)
FN:5,(anonymous_1)
FNF:2
FNH:2
FNDA:3,(anonymous_0)
FNDA:3,(anonymous_1)
DA:1,21
DA:5,3
DA:6,3
DA:12,3
DA:17,3
DA:19,3
LF:6
LH:6
BRDA:1,0,0,3
BRDA:14,1,0,3
BRDA:14,1,1,0
BRF:3
BRH:2
end_of_record
TN:
SF:src\components\Header\Menu\Menu.tsx
FN:1,(anonymous_0)
FN:4,Menu
FNF:2
FNH:2
FNDA:3,(anonymous_0)
FNDA:3,Menu
DA:1,21
DA:5,3
DA:14,3
DA:16,3
LF:4
LH:4
BRDA:1,0,0,3
BRF:1
BRH:1
end_of_record
TN:
SF:src\components\ModalBook\ModalBook.tsx
FN:1,(anonymous_0)
FN:6,(anonymous_1)
FN:21,(anonymous_2)
FNF:3
FNH:2
FNDA:3,(anonymous_0)
FNDA:1,(anonymous_1)
FNDA:0,(anonymous_2)
DA:1,21
DA:6,3
DA:7,1
DA:21,0
DA:32,3
DA:34,3
LF:6
LH:5
BRDA:1,0,0,3
BRDA:9,1,0,0
BRDA:9,1,1,1
BRF:3
BRH:2
end_of_record
TN:
SF:src\components\Product\Product.tsx
FN:1,(anonymous_0)
FN:5,Product
FN:15,(anonymous_2)
FN:16,(anonymous_3)
FNF:4
FNH:2
FNDA:3,(anonymous_0)
FNDA:1,Product
FNDA:0,(anonymous_2)
FNDA:0,(anonymous_3)
DA:1,21
DA:12,1
DA:15,0
DA:16,0
DA:28,3
DA:30,3
LF:6
LH:4
BRDA:1,0,0,3
BRF:1
BRH:1
end_of_record
TN:
SF:src\components\Search\Search.tsx
FN:7,(anonymous_1)
FN:8,(anonymous_2)
FN:13,(anonymous_3)
FN:18,(anonymous_4)
FN:7,(anonymous_5)
FNF:5
FNH:0
FNDA:0,(anonymous_1)
FNDA:0,(anonymous_2)
FNDA:0,(anonymous_3)
FNDA:0,(anonymous_4)
FNDA:0,(anonymous_5)
DA:7,3
DA:8,0
DA:9,0
DA:10,0
DA:11,3
DA:13,0
DA:14,0
DA:15,0
DA:18,0
DA:19,0
DA:20,0
DA:23,0
DA:40,3
DA:42,3
LF:14
LH:4
BRDA:8,0,0,0
BRDA:8,0,1,0
BRF:2
BRH:0
end_of_record
TN:
SF:src\components\UI\Loader\Loader.tsx
FN:1,(anonymous_0)
FN:3,(anonymous_1)
FNF:2
FNH:1
FNDA:3,(anonymous_0)
FNDA:0,(anonymous_1)
DA:1,21
DA:3,3
DA:4,0
DA:10,3
DA:12,3
LF:5
LH:4
BRDA:1,0,0,3
BRF:1
BRH:1
end_of_record
TN:
SF:src\components\UI\Modal\Modal.tsx
FN:1,(anonymous_0)
FN:9,(anonymous_1)
FN:13,(anonymous_2)
FN:15,(anonymous_3)
FN:20,(anonymous_4)
FN:22,(anonymous_5)
FN:27,(anonymous_6)
FNF:7
FNH:2
FNDA:3,(anonymous_0)
FNDA:1,(anonymous_1)
FNDA:0,(anonymous_2)
FNDA:0,(anonymous_3)
FNDA:0,(anonymous_4)
FNDA:0,(anonymous_5)
FNDA:0,(anonymous_6)
DA:1,21
DA:9,3
DA:10,1
DA:13,0
DA:15,0
DA:20,0
DA:22,0
DA:27,0
DA:31,3
DA:33,3
LF:10
LH:5
BRDA:1,0,0,3
BRDA:16,1,0,0
BRDA:16,1,1,1
BRDA:24,2,0,0
BRDA:24,2,1,1
BRDA:27,3,0,1
BRDA:27,3,1,0
BRF:7
BRH:4
end_of_record
TN:
SF:src\hooks\redux.tsx
FNF:0
FNH:0
DA:5,3
DA:6,3
LF:2
LH:2
BRF:0
BRH:0
end_of_record
TN:
SF:src\layouts\MainLayout.tsx
FN:1,(anonymous_0)
FN:4,MainLayout
FNF:2
FNH:2
FNDA:3,(anonymous_0)
FNDA:3,MainLayout
DA:1,21
DA:5,3
DA:11,3
DA:13,3
LF:4
LH:4
BRDA:1,0,0,3
BRF:1
BRH:1
end_of_record
TN:
SF:src\pages\About\About.tsx
FN:1,(anonymous_0)
FN:3,About
FNF:2
FNH:1
FNDA:3,(anonymous_0)
FNDA:0,About
DA:1,21
DA:4,0
DA:53,3
DA:55,3
LF:4
LH:3
BRDA:1,0,0,3
BRF:1
BRH:1
end_of_record
TN:
SF:src\pages\Catalog\Catalog.tsx
FN:7,Catalog
FN:8,(anonymous_2)
FN:7,(anonymous_3)
FNF:3
FNH:0
FNDA:0,Catalog
FNDA:0,(anonymous_2)
FNDA:0,(anonymous_3)
DA:7,0
DA:8,0
DA:9,3
DA:11,0
DA:29,3
DA:31,3
LF:6
LH:3
BRDA:8,0,0,0
BRDA:8,0,1,0
BRDA:14,1,0,0
BRDA:14,1,1,0
BRDA:25,2,0,0
BRDA:25,2,1,0
BRF:6
BRH:0
end_of_record
TN:
SF:src\pages\FormPage\FormPage.tsx
FN:6,(anonymous_1)
FN:7,(anonymous_2)
FN:6,(anonymous_3)
FNF:3
FNH:3
FNDA:4,(anonymous_1)
FNDA:5,(anonymous_2)
FNDA:3,(anonymous_3)
DA:6,4
DA:7,5
DA:9,4
DA:15,3
DA:17,3
LF:5
LH:5
BRDA:12,0,0,4
BRDA:12,0,1,1
BRF:2
BRH:2
end_of_record
TN:
SF:src\pages\NotFound\NotFound.tsx
FN:1,(anonymous_0)
FNF:1
FNH:1
FNDA:3,(anonymous_0)
DA:1,21
DA:2,0
DA:7,3
DA:9,3
LF:4
LH:3
BRDA:1,0,0,3
BRF:1
BRH:1
end_of_record
TN:
SF:src\store\myBooksSlice.tsx
FN:16,(anonymous_0)
FNF:1
FNH:1
FNDA:1,(anonymous_0)
DA:8,3
DA:12,3
DA:17,1
DA:22,3
LF:4
LH:4
BRF:0
BRH:0
end_of_record
TN:
SF:src\store\searchSlice.tsx
FN:15,(anonymous_0)
FNF:1
FNH:0
FNDA:0,(anonymous_0)
DA:7,3
DA:11,3
DA:16,0
DA:21,3
LF:4
LH:3
BRF:0
BRH:0
end_of_record
TN:
SF:src\store\store.tsx
FN:13,(anonymous_0)
FN:17,(anonymous_1)
FNF:2
FNH:2
FNDA:3,(anonymous_0)
FNDA:3,(anonymous_1)
DA:7,3
DA:13,3
DA:14,3
DA:18,3
LF:4
LH:4
BRF:0
BRH:0
end_of_record
TN:
SF:src\utils\WithRouter.tsx
FN:1,(anonymous_0)
FN:5,(anonymous_1)
FN:6,(anonymous_2)
FN:6,(anonymous_3)
FNF:4
FNH:3
FNDA:0,(anonymous_0)
FNDA:6,(anonymous_1)
FNDA:6,(anonymous_2)
FNDA:3,(anonymous_3)
DA:1,18
DA:5,6
DA:6,6
DA:7,6
DA:9,6
DA:10,6
DA:12,6
LF:7
LH:7
BRDA:1,0,0,3
BRF:1
BRH:1
end_of_record
TN:
SF:src\utils\helpers.tsx
FN:1,filterKeyEnter
FN:2,(anonymous_1)
FNF:2
FNH:1
FNDA:3,filterKeyEnter
FNDA:0,(anonymous_1)
DA:2,3
DA:3,0
DA:4,0
LF:3
LH:1
BRDA:3,0,0,0
BRF:1
BRH:0
end_of_record
TN:
SF:src\utils\validation.tsx
FN:4,(anonymous_0)
FN:10,(anonymous_1)
FN:16,(anonymous_2)
FN:22,(anonymous_3)
FN:28,(anonymous_4)
FNF:5
FNH:5
FNDA:2,(anonymous_0)
FNDA:1,(anonymous_1)
FNDA:1,(anonymous_2)
FNDA:1,(anonymous_3)
FNDA:1,(anonymous_4)
DA:3,3
DA:5,2
DA:11,1
DA:17,1
DA:23,1
DA:29,1
LF:6
LH:6
BRDA:6,0,0,2
BRDA:6,0,1,1
BRDA:12,1,0,1
BRDA:12,1,1,0
BRDA:18,2,0,1
BRDA:18,2,1,1
BRDA:18,2,2,0
BRDA:24,3,0,1
BRDA:24,3,1,1
BRDA:24,3,2,0
BRDA:29,4,0,1
BRDA:29,4,1,0
BRF:12
BRH:8
end_of_record
